Determining size of off64_t failed with the following output:
Change Dir: /Users/kiki/dev/slay/build_debug/CMakeFiles/CMakeTmp

Run Build Command(s):/usr/bin/xcodebuild -project CMAKE_TRY_COMPILE.xcodeproj build -target cmTC_4d40c -configuration Debug -hideShellScriptEnvironment && User defaults from command line:
    HideShellScriptEnvironment = YES

Prepare build
note: Using legacy build system
=== BUILD TARGET cmTC_4d40c OF PROJECT CMAKE_TRY_COMPILE WITH CONFIGURATION Debug ===

Check dependencies

Write auxiliary files
/bin/mkdir -p /Users/kiki/dev/slay/build_debug/CMakeFiles/CMakeTmp/CMAKE_TRY_COMPILE.build/Debug/cmTC_4d40c.build/Objects-normal/x86_64
write-file /Users/kiki/dev/slay/build_debug/CMakeFiles/CMakeTmp/CMAKE_TRY_COMPILE.build/Debug/cmTC_4d40c.build/Objects-normal/x86_64/cmTC_4d40c.LinkFileList

CompileC CMAKE_TRY_COMPILE.build/Debug/cmTC_4d40c.build/Objects-normal/x86_64/OFF64_T.o /Users/kiki/dev/slay/build_debug/CMakeFiles/CheckTypeSize/OFF64_T.c normal x86_64 c com.apple.compilers.llvm.clang.1_0.compiler
    cd /Users/kiki/dev/slay/build_debug/CMakeFiles/CMakeTmp
    /Applications/Xcode.app/Contents/Developer/Toolchains/XcodeDefault.xctoolchain/usr/bin/clang -x c -target x86_64-apple-macos10.15 -fmessage-length=0 -fdiagnostics-show-note-include-stack -fmacro-backtrace-limit=0 -Wno-trigraphs -fpascal-strings -O0 -Wno-missing-field-initializers -Wno-missing-prototypes -Wno-return-type -Wno-missing-braces -Wparentheses -Wswitch -Wno-unused-function -Wno-unused-label -Wno-unused-parameter -Wno-unused-variable -Wunused-value -Wno-empty-body -Wno-uninitialized -Wno-unknown-pragmas -Wno-shadow -Wno-four-char-constants -Wno-conversion -Wno-constant-conversion -Wno-int-conversion -Wno-bool-conversion -Wno-enum-conversion -Wno-float-conversion -Wno-non-literal-null-conversion -Wno-objc-literal-conversion -Wno-shorten-64-to-32 -Wpointer-sign -Wno-newline-eof -DCMAKE_INTDIR=\"Debug\" -D_LARGEFILE64_SOURCE=1 -DHAVE_SYS_TYPES_H -DHAVE_STDINT_H -DHAVE_STDDEF_H -isysroot /Applications/Xcode.app/Contents/Developer/Platforms/MacOSX.platform/Developer/SDKs/MacOSX10.15.sdk -fasm-blocks -fstrict-aliasing -Wdeprecated-declarations -g -Wno-sign-conversion -Wno-infinite-recursion -Wno-comma -Wno-block-capture-autoreleasing -Wno-strict-prototypes -Wno-semicolon-before-method-body -I/Users/kiki/dev/slay/build_debug/CMakeFiles/CMakeTmp/Debug/include -I/Users/kiki/dev/slay/build_debug/CMakeFiles/CMakeTmp/CMAKE_TRY_COMPILE.build/Debug/cmTC_4d40c.build/DerivedSources-normal/x86_64 -I/Users/kiki/dev/slay/build_debug/CMakeFiles/CMakeTmp/CMAKE_TRY_COMPILE.build/Debug/cmTC_4d40c.build/DerivedSources/x86_64 -I/Users/kiki/dev/slay/build_debug/CMakeFiles/CMakeTmp/CMAKE_TRY_COMPILE.build/Debug/cmTC_4d40c.build/DerivedSources -Wmost -Wno-four-char-constants -Wno-unknown-pragmas -F/Users/kiki/dev/slay/build_debug/CMakeFiles/CMakeTmp/Debug -MMD -MT dependencies -MF /Users/kiki/dev/slay/build_debug/CMakeFiles/CMakeTmp/CMAKE_TRY_COMPILE.build/Debug/cmTC_4d40c.build/Objects-normal/x86_64/OFF64_T.d --serialize-diagnostics /Users/kiki/dev/slay/build_debug/CMakeFiles/CMakeTmp/CMAKE_TRY_COMPILE.build/Debug/cmTC_4d40c.build/Objects-normal/x86_64/OFF64_T.dia -c /Users/kiki/dev/slay/build_debug/CMakeFiles/CheckTypeSize/OFF64_T.c -o /Users/kiki/dev/slay/build_debug/CMakeFiles/CMakeTmp/CMAKE_TRY_COMPILE.build/Debug/cmTC_4d40c.build/Objects-normal/x86_64/OFF64_T.o
/Users/kiki/dev/slay/build_debug/CMakeFiles/CheckTypeSize/OFF64_T.c:25:12: error: use of undeclared identifier 'off64_t'
  ('0' + ((SIZE / 10000)%10)),
           ^
/Users/kiki/dev/slay/build_debug/CMakeFiles/CheckTypeSize/OFF64_T.c:23:22: note: expanded from macro 'SIZE'
#define SIZE (sizeof(off64_t))
                     ^
/Users/kiki/dev/slay/build_debug/CMakeFiles/CheckTypeSize/OFF64_T.c:26:12: error: use of undeclared identifier 'off64_t'
  ('0' + ((SIZE / 1000)%10)),
           ^
/Users/kiki/dev/slay/build_debug/CMakeFiles/CheckTypeSize/OFF64_T.c:23:22: note: expanded from macro 'SIZE'
#define SIZE (sizeof(off64_t))
                     ^
/Users/kiki/dev/slay/build_debug/CMakeFiles/CheckTypeSize/OFF64_T.c:27:12: error: use of undeclared identifier 'off64_t'
  ('0' + ((SIZE / 100)%10)),
           ^
/Users/kiki/dev/slay/build_debug/CMakeFiles/CheckTypeSize/OFF64_T.c:23:22: note: expanded from macro 'SIZE'
#define SIZE (sizeof(off64_t))
                     ^
/Users/kiki/dev/slay/build_debug/CMakeFiles/CheckTypeSize/OFF64_T.c:28:12: error: use of undeclared identifier 'off64_t'
  ('0' + ((SIZE / 10)%10)),
           ^
/Users/kiki/dev/slay/build_debug/CMakeFiles/CheckTypeSize/OFF64_T.c:23:22: note: expanded from macro 'SIZE'
#define SIZE (sizeof(off64_t))
                     ^
/Users/kiki/dev/slay/build_debug/CMakeFiles/CheckTypeSize/OFF64_T.c:29:12: error: use of undeclared identifier 'off64_t'
  ('0' +  (SIZE    % 10)),
           ^
/Users/kiki/dev/slay/build_debug/CMakeFiles/CheckTypeSize/OFF64_T.c:23:22: note: expanded from macro 'SIZE'
#define SIZE (sizeof(off64_t))
                     ^
5 errors generated.

** BUILD FAILED **


The following build commands failed:
	CompileC CMAKE_TRY_COMPILE.build/Debug/cmTC_4d40c.build/Objects-normal/x86_64/OFF64_T.o /Users/kiki/dev/slay/build_debug/CMakeFiles/CheckTypeSize/OFF64_T.c normal x86_64 c com.apple.compilers.llvm.clang.1_0.compiler
(1 failure)


/Users/kiki/dev/slay/build_debug/CMakeFiles/CheckTypeSize/OFF64_T.c:
#include <sys/types.h>
#include <stdint.h>
#include <stddef.h>


#undef KEY
#if defined(__i386)
# define KEY '_','_','i','3','8','6'
#elif defined(__x86_64)
# define KEY '_','_','x','8','6','_','6','4'
#elif defined(__ppc__)
# define KEY '_','_','p','p','c','_','_'
#elif defined(__ppc64__)
# define KEY '_','_','p','p','c','6','4','_','_'
#elif defined(__aarch64__)
# define KEY '_','_','a','a','r','c','h','6','4','_','_'
#elif defined(__ARM_ARCH_7A__)
# define KEY '_','_','A','R','M','_','A','R','C','H','_','7','A','_','_'
#elif defined(__ARM_ARCH_7S__)
# define KEY '_','_','A','R','M','_','A','R','C','H','_','7','S','_','_'
#endif

#define SIZE (sizeof(off64_t))
static char info_size[] =  {'I', 'N', 'F', 'O', ':', 's','i','z','e','[',
  ('0' + ((SIZE / 10000)%10)),
  ('0' + ((SIZE / 1000)%10)),
  ('0' + ((SIZE / 100)%10)),
  ('0' + ((SIZE / 10)%10)),
  ('0' +  (SIZE    % 10)),
  ']',
#ifdef KEY
  ' ','k','e','y','[', KEY, ']',
#endif
  '\0'};

#ifdef __CLASSIC_C__
int main(argc, argv) int argc; char *argv[];
#else
int main(int argc, char *argv[])
#endif
{
  int require = 0;
  require += info_size[argc];
  (void)argv;
  return require;
}


Performing C SOURCE FILE Test HAVE_GCC_PREFERRED_STACK_BOUNDARY failed with the following output:
Change Dir: /Users/kiki/dev/slay/build_debug/CMakeFiles/CMakeTmp

Run Build Command(s):/usr/bin/xcodebuild -project CMAKE_TRY_COMPILE.xcodeproj build -target cmTC_3b3f1 -configuration Debug -hideShellScriptEnvironment && User defaults from command line:
    HideShellScriptEnvironment = YES

Prepare build
note: Using legacy build system
=== BUILD TARGET cmTC_3b3f1 OF PROJECT CMAKE_TRY_COMPILE WITH CONFIGURATION Debug ===

Check dependencies

Write auxiliary files
/bin/mkdir -p /Users/kiki/dev/slay/build_debug/CMakeFiles/CMakeTmp/CMAKE_TRY_COMPILE.build/Debug/cmTC_3b3f1.build/Objects-normal/x86_64
write-file /Users/kiki/dev/slay/build_debug/CMakeFiles/CMakeTmp/CMAKE_TRY_COMPILE.build/Debug/cmTC_3b3f1.build/Objects-normal/x86_64/cmTC_3b3f1.LinkFileList

CompileC CMAKE_TRY_COMPILE.build/Debug/cmTC_3b3f1.build/Objects-normal/x86_64/src.o src.c normal x86_64 c com.apple.compilers.llvm.clang.1_0.compiler
    cd /Users/kiki/dev/slay/build_debug/CMakeFiles/CMakeTmp
    /Applications/Xcode.app/Contents/Developer/Toolchains/XcodeDefault.xctoolchain/usr/bin/clang -x c -target x86_64-apple-macos10.15 -fmessage-length=0 -fdiagnostics-show-note-include-stack -fmacro-backtrace-limit=0 -Wno-trigraphs -fpascal-strings -O0 -Wno-missing-field-initializers -Wno-missing-prototypes -Wno-return-type -Wno-missing-braces -Wparentheses -Wswitch -Wno-unused-function -Wno-unused-label -Wno-unused-parameter -Wno-unused-variable -Wunused-value -Wno-empty-body -Wno-uninitialized -Wno-unknown-pragmas -Wno-shadow -Wno-four-char-constants -Wno-conversion -Wno-constant-conversion -Wno-int-conversion -Wno-bool-conversion -Wno-enum-conversion -Wno-float-conversion -Wno-non-literal-null-conversion -Wno-objc-literal-conversion -Wno-shorten-64-to-32 -Wpointer-sign -Wno-newline-eof -DCMAKE_INTDIR=\"Debug\" -isysroot /Applications/Xcode.app/Contents/Developer/Platforms/MacOSX.platform/Developer/SDKs/MacOSX10.15.sdk -fasm-blocks -fstrict-aliasing -Wdeprecated-declarations -g -Wno-sign-conversion -Wno-infinite-recursion -Wno-comma -Wno-block-capture-autoreleasing -Wno-strict-prototypes -Wno-semicolon-before-method-body -I/Users/kiki/dev/slay/build_debug/CMakeFiles/CMakeTmp/Debug/include -I/Users/kiki/dev/slay/build_debug/CMakeFiles/CMakeTmp/CMAKE_TRY_COMPILE.build/Debug/cmTC_3b3f1.build/DerivedSources-normal/x86_64 -I/Users/kiki/dev/slay/build_debug/CMakeFiles/CMakeTmp/CMAKE_TRY_COMPILE.build/Debug/cmTC_3b3f1.build/DerivedSources/x86_64 -I/Users/kiki/dev/slay/build_debug/CMakeFiles/CMakeTmp/CMAKE_TRY_COMPILE.build/Debug/cmTC_3b3f1.build/DerivedSources -Wmost -Wno-four-char-constants -Wno-unknown-pragmas -F/Users/kiki/dev/slay/build_debug/CMakeFiles/CMakeTmp/Debug -idirafter /Users/kiki/dev/slay/contrib/sdl2/src/video/khronos -DHAVE_GCC_PREFERRED_STACK_BOUNDARY -mpreferred-stack-boundary=2 -MMD -MT dependencies -MF /Users/kiki/dev/slay/build_debug/CMakeFiles/CMakeTmp/CMAKE_TRY_COMPILE.build/Debug/cmTC_3b3f1.build/Objects-normal/x86_64/src.d --serialize-diagnostics /Users/kiki/dev/slay/build_debug/CMakeFiles/CMakeTmp/CMAKE_TRY_COMPILE.build/Debug/cmTC_3b3f1.build/Objects-normal/x86_64/src.dia -c /Users/kiki/dev/slay/build_debug/CMakeFiles/CMakeTmp/src.c -o /Users/kiki/dev/slay/build_debug/CMakeFiles/CMakeTmp/CMAKE_TRY_COMPILE.build/Debug/cmTC_3b3f1.build/Objects-normal/x86_64/src.o
clang: error: unknown argument: '-mpreferred-stack-boundary=2'

** BUILD FAILED **


The following build commands failed:
	CompileC CMAKE_TRY_COMPILE.build/Debug/cmTC_3b3f1.build/Objects-normal/x86_64/src.o src.c normal x86_64 c com.apple.compilers.llvm.clang.1_0.compiler
(1 failure)


Source file was:
int x = 0; int main(int argc, char **argv) {}
Performing C SOURCE FILE Test HAVE_ALTIVEC_H_HDR failed with the following output:
Change Dir: /Users/kiki/dev/slay/build_debug/CMakeFiles/CMakeTmp

Run Build Command(s):/usr/bin/xcodebuild -project CMAKE_TRY_COMPILE.xcodeproj build -target cmTC_cbd57 -configuration Debug -hideShellScriptEnvironment && User defaults from command line:
    HideShellScriptEnvironment = YES

Prepare build
note: Using legacy build system
=== BUILD TARGET cmTC_cbd57 OF PROJECT CMAKE_TRY_COMPILE WITH CONFIGURATION Debug ===

Check dependencies

Write auxiliary files
/bin/mkdir -p /Users/kiki/dev/slay/build_debug/CMakeFiles/CMakeTmp/CMAKE_TRY_COMPILE.build/Debug/cmTC_cbd57.build/Objects-normal/x86_64
write-file /Users/kiki/dev/slay/build_debug/CMakeFiles/CMakeTmp/CMAKE_TRY_COMPILE.build/Debug/cmTC_cbd57.build/Objects-normal/x86_64/cmTC_cbd57.LinkFileList

CompileC CMAKE_TRY_COMPILE.build/Debug/cmTC_cbd57.build/Objects-normal/x86_64/src.o src.c normal x86_64 c com.apple.compilers.llvm.clang.1_0.compiler
    cd /Users/kiki/dev/slay/build_debug/CMakeFiles/CMakeTmp
    /Applications/Xcode.app/Contents/Developer/Toolchains/XcodeDefault.xctoolchain/usr/bin/clang -x c -target x86_64-apple-macos10.15 -fmessage-length=0 -fdiagnostics-show-note-include-stack -fmacro-backtrace-limit=0 -Wno-trigraphs -fpascal-strings -O0 -Wno-missing-field-initializers -Wno-missing-prototypes -Wno-return-type -Wno-missing-braces -Wparentheses -Wswitch -Wno-unused-function -Wno-unused-label -Wno-unused-parameter -Wno-unused-variable -Wunused-value -Wno-empty-body -Wno-uninitialized -Wno-unknown-pragmas -Wno-shadow -Wno-four-char-constants -Wno-conversion -Wno-constant-conversion -Wno-int-conversion -Wno-bool-conversion -Wno-enum-conversion -Wno-float-conversion -Wno-non-literal-null-conversion -Wno-objc-literal-conversion -Wno-shorten-64-to-32 -Wpointer-sign -Wno-newline-eof -DCMAKE_INTDIR=\"Debug\" -isysroot /Applications/Xcode.app/Contents/Developer/Platforms/MacOSX.platform/Developer/SDKs/MacOSX10.15.sdk -fasm-blocks -fstrict-aliasing -Wdeprecated-declarations -g -Wno-sign-conversion -Wno-infinite-recursion -Wno-comma -Wno-block-capture-autoreleasing -Wno-strict-prototypes -Wno-semicolon-before-method-body -I/Users/kiki/dev/slay/build_debug/CMakeFiles/CMakeTmp/Debug/include -I/Users/kiki/dev/slay/build_debug/CMakeFiles/CMakeTmp/CMAKE_TRY_COMPILE.build/Debug/cmTC_cbd57.build/DerivedSources-normal/x86_64 -I/Users/kiki/dev/slay/build_debug/CMakeFiles/CMakeTmp/CMAKE_TRY_COMPILE.build/Debug/cmTC_cbd57.build/DerivedSources/x86_64 -I/Users/kiki/dev/slay/build_debug/CMakeFiles/CMakeTmp/CMAKE_TRY_COMPILE.build/Debug/cmTC_cbd57.build/DerivedSources -Wmost -Wno-four-char-constants -Wno-unknown-pragmas -F/Users/kiki/dev/slay/build_debug/CMakeFiles/CMakeTmp/Debug -idirafter /Users/kiki/dev/slay/contrib/sdl2/src/video/khronos -DHAVE_ALTIVEC_H_HDR -maltivec -MMD -MT dependencies -MF /Users/kiki/dev/slay/build_debug/CMakeFiles/CMakeTmp/CMAKE_TRY_COMPILE.build/Debug/cmTC_cbd57.build/Objects-normal/x86_64/src.d --serialize-diagnostics /Users/kiki/dev/slay/build_debug/CMakeFiles/CMakeTmp/CMAKE_TRY_COMPILE.build/Debug/cmTC_cbd57.build/Objects-normal/x86_64/src.dia -c /Users/kiki/dev/slay/build_debug/CMakeFiles/CMakeTmp/src.c -o /Users/kiki/dev/slay/build_debug/CMakeFiles/CMakeTmp/CMAKE_TRY_COMPILE.build/Debug/cmTC_cbd57.build/Objects-normal/x86_64/src.o
clang: warning: argument unused during compilation: '-maltivec' [-Wunused-command-line-argument]
In file included from /Users/kiki/dev/slay/build_debug/CMakeFiles/CMakeTmp/src.c:2:
/Applications/Xcode.app/Contents/Developer/Toolchains/XcodeDefault.xctoolchain/usr/lib/clang/11.0.0/include/altivec.h:27:2: error: "AltiVec support not enabled"
#error "AltiVec support not enabled"
 ^
/Applications/Xcode.app/Contents/Developer/Toolchains/XcodeDefault.xctoolchain/usr/lib/clang/11.0.0/include/altivec.h:62:19: error: unknown type name 'vector'
static __inline__ vector signed char __ATTRS_o_ai vec_perm(
                  ^
/Applications/Xcode.app/Contents/Developer/Toolchains/XcodeDefault.xctoolchain/usr/lib/clang/11.0.0/include/altivec.h:62:26: error: expected identifier or '('
static __inline__ vector signed char __ATTRS_o_ai vec_perm(
                         ^
/Applications/Xcode.app/Contents/Developer/Toolchains/XcodeDefault.xctoolchain/usr/lib/clang/11.0.0/include/altivec.h:65:19: error: unknown type name 'vector'
static __inline__ vector unsigned char __ATTRS_o_ai
                  ^
/Applications/Xcode.app/Contents/Developer/Toolchains/XcodeDefault.xctoolchain/usr/lib/clang/11.0.0/include/altivec.h:65:26: error: expected identifier or '('
static __inline__ vector unsigned char __ATTRS_o_ai
                         ^
/Applications/Xcode.app/Contents/Developer/Toolchains/XcodeDefault.xctoolchain/usr/lib/clang/11.0.0/include/altivec.h:69:19: error: unknown type name 'vector'
static __inline__ vector bool char __ATTRS_o_ai
                  ^
/Applications/Xcode.app/Contents/Developer/Toolchains/XcodeDefault.xctoolchain/usr/lib/clang/11.0.0/include/altivec.h:69:8: error: 'inline' can only appear on functions
static __inline__ vector bool char __ATTRS_o_ai
       ^
/Applications/Xcode.app/Contents/Developer/Toolchains/XcodeDefault.xctoolchain/usr/lib/clang/11.0.0/include/altivec.h:69:30: error: expected ';' after top level declarator
static __inline__ vector bool char __ATTRS_o_ai
                             ^
/Applications/Xcode.app/Contents/Developer/Toolchains/XcodeDefault.xctoolchain/usr/lib/clang/11.0.0/include/altivec.h:70:10: error: unknown type name 'vector'
vec_perm(vector bool char __a, vector bool char __b, vector unsigned char __c);
         ^
/Applications/Xcode.app/Contents/Developer/Toolchains/XcodeDefault.xctoolchain/usr/lib/clang/11.0.0/include/altivec.h:70:22: error: expected ')'
vec_perm(vector bool char __a, vector bool char __b, vector unsigned char __c);
                     ^
/Applications/Xcode.app/Contents/Developer/Toolchains/XcodeDefault.xctoolchain/usr/lib/clang/11.0.0/include/altivec.h:70:9: note: to match this '('
vec_perm(vector bool char __a, vector bool char __b, vector unsigned char __c);
        ^
/Applications/Xcode.app/Contents/Developer/Toolchains/XcodeDefault.xctoolchain/usr/lib/clang/11.0.0/include/altivec.h:72:19: error: unknown type name 'vector'
static __inline__ vector short __ATTRS_o_ai vec_perm(vector signed short __a,
                  ^
/Applications/Xcode.app/Contents/Developer/Toolchains/XcodeDefault.xctoolchain/usr/lib/clang/11.0.0/include/altivec.h:72:26: error: expected identifier or '('
static __inline__ vector short __ATTRS_o_ai vec_perm(vector signed short __a,
                         ^
/Applications/Xcode.app/Contents/Developer/Toolchains/XcodeDefault.xctoolchain/usr/lib/clang/11.0.0/include/altivec.h:76:19: error: unknown type name 'vector'
static __inline__ vector unsigned short __ATTRS_o_ai
                  ^
/Applications/Xcode.app/Contents/Developer/Toolchains/XcodeDefault.xctoolchain/usr/lib/clang/11.0.0/include/altivec.h:76:26: error: expected identifier or '('
static __inline__ vector unsigned short __ATTRS_o_ai
                         ^
/Applications/Xcode.app/Contents/Developer/Toolchains/XcodeDefault.xctoolchain/usr/lib/clang/11.0.0/include/altivec.h:80:19: error: unknown type name 'vector'
static __inline__ vector bool short __ATTRS_o_ai vec_perm(
                  ^
/Applications/Xcode.app/Contents/Developer/Toolchains/XcodeDefault.xctoolchain/usr/lib/clang/11.0.0/include/altivec.h:80:8: error: 'inline' can only appear on functions
static __inline__ vector bool short __ATTRS_o_ai vec_perm(
       ^
/Applications/Xcode.app/Contents/Developer/Toolchains/XcodeDefault.xctoolchain/usr/lib/clang/11.0.0/include/altivec.h:80:30: error: expected ';' after top level declarator
static __inline__ vector bool short __ATTRS_o_ai vec_perm(
                             ^
/Applications/Xcode.app/Contents/Developer/Toolchains/XcodeDefault.xctoolchain/usr/lib/clang/11.0.0/include/altivec.h:81:5: error: unknown type name 'vector'
    vector bool short __a, vector bool short __b, vector unsigned char __c);
    ^
/Applications/Xcode.app/Contents/Developer/Toolchains/XcodeDefault.xctoolchain/usr/lib/clang/11.0.0/include/altivec.h:81:17: error: expected ')'
    vector bool short __a, vector bool short __b, vector unsigned char __c);
                ^
/Applications/Xcode.app/Contents/Developer/Toolchains/XcodeDefault.xctoolchain/usr/lib/clang/11.0.0/include/altivec.h:80:58: note: to match this '('
static __inline__ vector bool short __ATTRS_o_ai vec_perm(
                                                         ^
fatal error: too many errors emitted, stopping now [-ferror-limit=]
20 errors generated.

** BUILD FAILED **


The following build commands failed:
	CompileC CMAKE_TRY_COMPILE.build/Debug/cmTC_cbd57.build/Objects-normal/x86_64/src.o src.c normal x86_64 c com.apple.compilers.llvm.clang.1_0.compiler
(1 failure)


Source file was:

          #include <altivec.h>
          vector unsigned int vzero() {
              return vec_splat_u32(0);
          }
          int main(int argc, char **argv) { }
Performing C SOURCE FILE Test HAVE_ALTIVEC failed with the following output:
Change Dir: /Users/kiki/dev/slay/build_debug/CMakeFiles/CMakeTmp

Run Build Command(s):/usr/bin/xcodebuild -project CMAKE_TRY_COMPILE.xcodeproj build -target cmTC_cec7b -configuration Debug -hideShellScriptEnvironment && User defaults from command line:
    HideShellScriptEnvironment = YES

Prepare build
note: Using legacy build system
=== BUILD TARGET cmTC_cec7b OF PROJECT CMAKE_TRY_COMPILE WITH CONFIGURATION Debug ===

Check dependencies

Write auxiliary files
/bin/mkdir -p /Users/kiki/dev/slay/build_debug/CMakeFiles/CMakeTmp/CMAKE_TRY_COMPILE.build/Debug/cmTC_cec7b.build/Objects-normal/x86_64
write-file /Users/kiki/dev/slay/build_debug/CMakeFiles/CMakeTmp/CMAKE_TRY_COMPILE.build/Debug/cmTC_cec7b.build/Objects-normal/x86_64/cmTC_cec7b.LinkFileList

CompileC CMAKE_TRY_COMPILE.build/Debug/cmTC_cec7b.build/Objects-normal/x86_64/src.o src.c normal x86_64 c com.apple.compilers.llvm.clang.1_0.compiler
    cd /Users/kiki/dev/slay/build_debug/CMakeFiles/CMakeTmp
    /Applications/Xcode.app/Contents/Developer/Toolchains/XcodeDefault.xctoolchain/usr/bin/clang -x c -target x86_64-apple-macos10.15 -fmessage-length=0 -fdiagnostics-show-note-include-stack -fmacro-backtrace-limit=0 -Wno-trigraphs -fpascal-strings -O0 -Wno-missing-field-initializers -Wno-missing-prototypes -Wno-return-type -Wno-missing-braces -Wparentheses -Wswitch -Wno-unused-function -Wno-unused-label -Wno-unused-parameter -Wno-unused-variable -Wunused-value -Wno-empty-body -Wno-uninitialized -Wno-unknown-pragmas -Wno-shadow -Wno-four-char-constants -Wno-conversion -Wno-constant-conversion -Wno-int-conversion -Wno-bool-conversion -Wno-enum-conversion -Wno-float-conversion -Wno-non-literal-null-conversion -Wno-objc-literal-conversion -Wno-shorten-64-to-32 -Wpointer-sign -Wno-newline-eof -DCMAKE_INTDIR=\"Debug\" -isysroot /Applications/Xcode.app/Contents/Developer/Platforms/MacOSX.platform/Developer/SDKs/MacOSX10.15.sdk -fasm-blocks -fstrict-aliasing -Wdeprecated-declarations -g -Wno-sign-conversion -Wno-infinite-recursion -Wno-comma -Wno-block-capture-autoreleasing -Wno-strict-prototypes -Wno-semicolon-before-method-body -I/Users/kiki/dev/slay/build_debug/CMakeFiles/CMakeTmp/Debug/include -I/Users/kiki/dev/slay/build_debug/CMakeFiles/CMakeTmp/CMAKE_TRY_COMPILE.build/Debug/cmTC_cec7b.build/DerivedSources-normal/x86_64 -I/Users/kiki/dev/slay/build_debug/CMakeFiles/CMakeTmp/CMAKE_TRY_COMPILE.build/Debug/cmTC_cec7b.build/DerivedSources/x86_64 -I/Users/kiki/dev/slay/build_debug/CMakeFiles/CMakeTmp/CMAKE_TRY_COMPILE.build/Debug/cmTC_cec7b.build/DerivedSources -Wmost -Wno-four-char-constants -Wno-unknown-pragmas -F/Users/kiki/dev/slay/build_debug/CMakeFiles/CMakeTmp/Debug -idirafter /Users/kiki/dev/slay/contrib/sdl2/src/video/khronos -DHAVE_ALTIVEC -maltivec -MMD -MT dependencies -MF /Users/kiki/dev/slay/build_debug/CMakeFiles/CMakeTmp/CMAKE_TRY_COMPILE.build/Debug/cmTC_cec7b.build/Objects-normal/x86_64/src.d --serialize-diagnostics /Users/kiki/dev/slay/build_debug/CMakeFiles/CMakeTmp/CMAKE_TRY_COMPILE.build/Debug/cmTC_cec7b.build/Objects-normal/x86_64/src.dia -c /Users/kiki/dev/slay/build_debug/CMakeFiles/CMakeTmp/src.c -o /Users/kiki/dev/slay/build_debug/CMakeFiles/CMakeTmp/CMAKE_TRY_COMPILE.build/Debug/cmTC_cec7b.build/Objects-normal/x86_64/src.o
clang: warning: argument unused during compilation: '-maltivec' [-Wunused-command-line-argument]
/Users/kiki/dev/slay/build_debug/CMakeFiles/CMakeTmp/src.c:2:11: error: unknown type name 'vector'
          vector unsigned int vzero() {
          ^
/Users/kiki/dev/slay/build_debug/CMakeFiles/CMakeTmp/src.c:2:18: error: expected identifier or '('
          vector unsigned int vzero() {
                 ^
2 errors generated.

** BUILD FAILED **


The following build commands failed:
	CompileC CMAKE_TRY_COMPILE.build/Debug/cmTC_cec7b.build/Objects-normal/x86_64/src.o src.c normal x86_64 c com.apple.compilers.llvm.clang.1_0.compiler
(1 failure)


Source file was:

          vector unsigned int vzero() {
              return vec_splat_u32(0);
          }
          int main(int argc, char **argv) { }
Performing C SOURCE FILE Test ARMSIMD_FOUND failed with the following output:
Change Dir: /Users/kiki/dev/slay/build_debug/CMakeFiles/CMakeTmp

Run Build Command(s):/usr/bin/xcodebuild -project CMAKE_TRY_COMPILE.xcodeproj build -target cmTC_ccfb3 -configuration Debug -hideShellScriptEnvironment && User defaults from command line:
    HideShellScriptEnvironment = YES

Prepare build
note: Using legacy build system
=== BUILD TARGET cmTC_ccfb3 OF PROJECT CMAKE_TRY_COMPILE WITH CONFIGURATION Debug ===

Check dependencies

Write auxiliary files
/bin/mkdir -p /Users/kiki/dev/slay/build_debug/CMakeFiles/CMakeTmp/CMAKE_TRY_COMPILE.build/Debug/cmTC_ccfb3.build/Objects-normal/x86_64
write-file /Users/kiki/dev/slay/build_debug/CMakeFiles/CMakeTmp/CMAKE_TRY_COMPILE.build/Debug/cmTC_ccfb3.build/Objects-normal/x86_64/cmTC_ccfb3.LinkFileList

CompileC CMAKE_TRY_COMPILE.build/Debug/cmTC_ccfb3.build/Objects-normal/x86_64/src.o src.c normal x86_64 c com.apple.compilers.llvm.clang.1_0.compiler
    cd /Users/kiki/dev/slay/build_debug/CMakeFiles/CMakeTmp
    /Applications/Xcode.app/Contents/Developer/Toolchains/XcodeDefault.xctoolchain/usr/bin/clang -x c -target x86_64-apple-macos10.15 -fmessage-length=0 -fdiagnostics-show-note-include-stack -fmacro-backtrace-limit=0 -Wno-trigraphs -fpascal-strings -O0 -Wno-missing-field-initializers -Wno-missing-prototypes -Wno-return-type -Wno-missing-braces -Wparentheses -Wswitch -Wno-unused-function -Wno-unused-label -Wno-unused-parameter -Wno-unused-variable -Wunused-value -Wno-empty-body -Wno-uninitialized -Wno-unknown-pragmas -Wno-shadow -Wno-four-char-constants -Wno-conversion -Wno-constant-conversion -Wno-int-conversion -Wno-bool-conversion -Wno-enum-conversion -Wno-float-conversion -Wno-non-literal-null-conversion -Wno-objc-literal-conversion -Wno-shorten-64-to-32 -Wpointer-sign -Wno-newline-eof -DCMAKE_INTDIR=\"Debug\" -isysroot /Applications/Xcode.app/Contents/Developer/Platforms/MacOSX.platform/Developer/SDKs/MacOSX10.15.sdk -fasm-blocks -fstrict-aliasing -Wdeprecated-declarations -g -Wno-sign-conversion -Wno-infinite-recursion -Wno-comma -Wno-block-capture-autoreleasing -Wno-strict-prototypes -Wno-semicolon-before-method-body -I/Users/kiki/dev/slay/build_debug/CMakeFiles/CMakeTmp/Debug/include -I/Users/kiki/dev/slay/build_debug/CMakeFiles/CMakeTmp/CMAKE_TRY_COMPILE.build/Debug/cmTC_ccfb3.build/DerivedSources-normal/x86_64 -I/Users/kiki/dev/slay/build_debug/CMakeFiles/CMakeTmp/CMAKE_TRY_COMPILE.build/Debug/cmTC_ccfb3.build/DerivedSources/x86_64 -I/Users/kiki/dev/slay/build_debug/CMakeFiles/CMakeTmp/CMAKE_TRY_COMPILE.build/Debug/cmTC_ccfb3.build/DerivedSources -Wmost -Wno-four-char-constants -Wno-unknown-pragmas -F/Users/kiki/dev/slay/build_debug/CMakeFiles/CMakeTmp/Debug -idirafter /Users/kiki/dev/slay/contrib/sdl2/src/video/khronos -DARMSIMD_FOUND -x assembler-with-cpp -MMD -MT dependencies -MF /Users/kiki/dev/slay/build_debug/CMakeFiles/CMakeTmp/CMAKE_TRY_COMPILE.build/Debug/cmTC_ccfb3.build/Objects-normal/x86_64/src.d --serialize-diagnostics /Users/kiki/dev/slay/build_debug/CMakeFiles/CMakeTmp/CMAKE_TRY_COMPILE.build/Debug/cmTC_ccfb3.build/Objects-normal/x86_64/src.dia -c /Users/kiki/dev/slay/build_debug/CMakeFiles/CMakeTmp/src.c -o /Users/kiki/dev/slay/build_debug/CMakeFiles/CMakeTmp/CMAKE_TRY_COMPILE.build/Debug/cmTC_ccfb3.build/Objects-normal/x86_64/src.o
/Users/kiki/dev/slay/build_debug/CMakeFiles/CMakeTmp/src.c:8:10: error: EABI is required (to be sure that calling conventions are compatible)
        #error EABI is required (to be sure that calling conventions are compatible)
         ^
1 error generated.

** BUILD FAILED **


The following build commands failed:
	CompileC CMAKE_TRY_COMPILE.build/Debug/cmTC_ccfb3.build/Objects-normal/x86_64/src.o src.c normal x86_64 c com.apple.compilers.llvm.clang.1_0.compiler
(1 failure)


Source file was:

        .text
        .arch armv6
        .object_arch armv4
        .arm
        .altmacro
        #ifndef __ARM_EABI__
        #error EABI is required (to be sure that calling conventions are compatible)
        #endif
        pld [r0]
        uqadd8 r0, r0, r0
      
Performing C SOURCE FILE Test ARMNEON_FOUND failed with the following output:
Change Dir: /Users/kiki/dev/slay/build_debug/CMakeFiles/CMakeTmp

Run Build Command(s):/usr/bin/xcodebuild -project CMAKE_TRY_COMPILE.xcodeproj build -target cmTC_2ff21 -configuration Debug -hideShellScriptEnvironment && User defaults from command line:
    HideShellScriptEnvironment = YES

Prepare build
note: Using legacy build system
=== BUILD TARGET cmTC_2ff21 OF PROJECT CMAKE_TRY_COMPILE WITH CONFIGURATION Debug ===

Check dependencies

Write auxiliary files
/bin/mkdir -p /Users/kiki/dev/slay/build_debug/CMakeFiles/CMakeTmp/CMAKE_TRY_COMPILE.build/Debug/cmTC_2ff21.build/Objects-normal/x86_64
write-file /Users/kiki/dev/slay/build_debug/CMakeFiles/CMakeTmp/CMAKE_TRY_COMPILE.build/Debug/cmTC_2ff21.build/Objects-normal/x86_64/cmTC_2ff21.LinkFileList

CompileC CMAKE_TRY_COMPILE.build/Debug/cmTC_2ff21.build/Objects-normal/x86_64/src.o src.c normal x86_64 c com.apple.compilers.llvm.clang.1_0.compiler
    cd /Users/kiki/dev/slay/build_debug/CMakeFiles/CMakeTmp
    /Applications/Xcode.app/Contents/Developer/Toolchains/XcodeDefault.xctoolchain/usr/bin/clang -x c -target x86_64-apple-macos10.15 -fmessage-length=0 -fdiagnostics-show-note-include-stack -fmacro-backtrace-limit=0 -Wno-trigraphs -fpascal-strings -O0 -Wno-missing-field-initializers -Wno-missing-prototypes -Wno-return-type -Wno-missing-braces -Wparentheses -Wswitch -Wno-unused-function -Wno-unused-label -Wno-unused-parameter -Wno-unused-variable -Wunused-value -Wno-empty-body -Wno-uninitialized -Wno-unknown-pragmas -Wno-shadow -Wno-four-char-constants -Wno-conversion -Wno-constant-conversion -Wno-int-conversion -Wno-bool-conversion -Wno-enum-conversion -Wno-float-conversion -Wno-non-literal-null-conversion -Wno-objc-literal-conversion -Wno-shorten-64-to-32 -Wpointer-sign -Wno-newline-eof -DCMAKE_INTDIR=\"Debug\" -isysroot /Applications/Xcode.app/Contents/Developer/Platforms/MacOSX.platform/Developer/SDKs/MacOSX10.15.sdk -fasm-blocks -fstrict-aliasing -Wdeprecated-declarations -g -Wno-sign-conversion -Wno-infinite-recursion -Wno-comma -Wno-block-capture-autoreleasing -Wno-strict-prototypes -Wno-semicolon-before-method-body -I/Users/kiki/dev/slay/build_debug/CMakeFiles/CMakeTmp/Debug/include -I/Users/kiki/dev/slay/build_debug/CMakeFiles/CMakeTmp/CMAKE_TRY_COMPILE.build/Debug/cmTC_2ff21.build/DerivedSources-normal/x86_64 -I/Users/kiki/dev/slay/build_debug/CMakeFiles/CMakeTmp/CMAKE_TRY_COMPILE.build/Debug/cmTC_2ff21.build/DerivedSources/x86_64 -I/Users/kiki/dev/slay/build_debug/CMakeFiles/CMakeTmp/CMAKE_TRY_COMPILE.build/Debug/cmTC_2ff21.build/DerivedSources -Wmost -Wno-four-char-constants -Wno-unknown-pragmas -F/Users/kiki/dev/slay/build_debug/CMakeFiles/CMakeTmp/Debug -idirafter /Users/kiki/dev/slay/contrib/sdl2/src/video/khronos -DARMNEON_FOUND -x assembler-with-cpp -MMD -MT dependencies -MF /Users/kiki/dev/slay/build_debug/CMakeFiles/CMakeTmp/CMAKE_TRY_COMPILE.build/Debug/cmTC_2ff21.build/Objects-normal/x86_64/src.d --serialize-diagnostics /Users/kiki/dev/slay/build_debug/CMakeFiles/CMakeTmp/CMAKE_TRY_COMPILE.build/Debug/cmTC_2ff21.build/Objects-normal/x86_64/src.dia -c /Users/kiki/dev/slay/build_debug/CMakeFiles/CMakeTmp/src.c -o /Users/kiki/dev/slay/build_debug/CMakeFiles/CMakeTmp/CMAKE_TRY_COMPILE.build/Debug/cmTC_2ff21.build/Objects-normal/x86_64/src.o
/Users/kiki/dev/slay/build_debug/CMakeFiles/CMakeTmp/src.c:10:10: error: EABI is required (to be sure that calling conventions are compatible)
        #error EABI is required (to be sure that calling conventions are compatible)
         ^
1 error generated.

** BUILD FAILED **


The following build commands failed:
	CompileC CMAKE_TRY_COMPILE.build/Debug/cmTC_2ff21.build/Objects-normal/x86_64/src.o src.c normal x86_64 c com.apple.compilers.llvm.clang.1_0.compiler
(1 failure)


Source file was:

        .text
        .fpu neon
        .arch armv7a
        .object_arch armv4
        .eabi_attribute 10, 0
        .arm
        .altmacro
        #ifndef __ARM_EABI__
        #error EABI is required (to be sure that calling conventions are compatible)
        #endif
        pld [r0]
        vmovn.u16 d0, q0
      
Determining if the include file malloc.h exists failed with the following output:
Change Dir: /Users/kiki/dev/slay/build_debug/CMakeFiles/CMakeTmp

Run Build Command(s):/usr/bin/xcodebuild -project CMAKE_TRY_COMPILE.xcodeproj build -target cmTC_fc073 -configuration Debug -hideShellScriptEnvironment && User defaults from command line:
    HideShellScriptEnvironment = YES

Prepare build
note: Using legacy build system
=== BUILD TARGET cmTC_fc073 OF PROJECT CMAKE_TRY_COMPILE WITH CONFIGURATION Debug ===

Check dependencies

Write auxiliary files
/bin/mkdir -p /Users/kiki/dev/slay/build_debug/CMakeFiles/CMakeTmp/CMAKE_TRY_COMPILE.build/Debug/cmTC_fc073.build/Objects-normal/x86_64
write-file /Users/kiki/dev/slay/build_debug/CMakeFiles/CMakeTmp/CMAKE_TRY_COMPILE.build/Debug/cmTC_fc073.build/Objects-normal/x86_64/cmTC_fc073.LinkFileList

CompileC CMAKE_TRY_COMPILE.build/Debug/cmTC_fc073.build/Objects-normal/x86_64/CheckIncludeFile.o CheckIncludeFile.c normal x86_64 c com.apple.compilers.llvm.clang.1_0.compiler
    cd /Users/kiki/dev/slay/build_debug/CMakeFiles/CMakeTmp
    /Applications/Xcode.app/Contents/Developer/Toolchains/XcodeDefault.xctoolchain/usr/bin/clang -x c -target x86_64-apple-macos10.15 -fmessage-length=0 -fdiagnostics-show-note-include-stack -fmacro-backtrace-limit=0 -Wno-trigraphs -fpascal-strings -O0 -Wno-missing-field-initializers -Wno-missing-prototypes -Wno-return-type -Wno-missing-braces -Wparentheses -Wswitch -Wno-unused-function -Wno-unused-label -Wno-unused-parameter -Wno-unused-variable -Wunused-value -Wno-empty-body -Wno-uninitialized -Wno-unknown-pragmas -Wno-shadow -Wno-four-char-constants -Wno-conversion -Wno-constant-conversion -Wno-int-conversion -Wno-bool-conversion -Wno-enum-conversion -Wno-float-conversion -Wno-non-literal-null-conversion -Wno-objc-literal-conversion -Wno-shorten-64-to-32 -Wpointer-sign -Wno-newline-eof -DCMAKE_INTDIR=\"Debug\" -isysroot /Applications/Xcode.app/Contents/Developer/Platforms/MacOSX.platform/Developer/SDKs/MacOSX10.15.sdk -fasm-blocks -fstrict-aliasing -Wdeprecated-declarations -g -Wno-sign-conversion -Wno-infinite-recursion -Wno-comma -Wno-block-capture-autoreleasing -Wno-strict-prototypes -Wno-semicolon-before-method-body -I/Users/kiki/dev/slay/build_debug/CMakeFiles/CMakeTmp/Debug/include -I/Users/kiki/dev/slay/build_debug/CMakeFiles/CMakeTmp/CMAKE_TRY_COMPILE.build/Debug/cmTC_fc073.build/DerivedSources-normal/x86_64 -I/Users/kiki/dev/slay/build_debug/CMakeFiles/CMakeTmp/CMAKE_TRY_COMPILE.build/Debug/cmTC_fc073.build/DerivedSources/x86_64 -I/Users/kiki/dev/slay/build_debug/CMakeFiles/CMakeTmp/CMAKE_TRY_COMPILE.build/Debug/cmTC_fc073.build/DerivedSources -Wmost -Wno-four-char-constants -Wno-unknown-pragmas -F/Users/kiki/dev/slay/build_debug/CMakeFiles/CMakeTmp/Debug -idirafter /Users/kiki/dev/slay/contrib/sdl2/src/video/khronos -MMD -MT dependencies -MF /Users/kiki/dev/slay/build_debug/CMakeFiles/CMakeTmp/CMAKE_TRY_COMPILE.build/Debug/cmTC_fc073.build/Objects-normal/x86_64/CheckIncludeFile.d --serialize-diagnostics /Users/kiki/dev/slay/build_debug/CMakeFiles/CMakeTmp/CMAKE_TRY_COMPILE.build/Debug/cmTC_fc073.build/Objects-normal/x86_64/CheckIncludeFile.dia -c /Users/kiki/dev/slay/build_debug/CMakeFiles/CMakeTmp/CheckIncludeFile.c -o /Users/kiki/dev/slay/build_debug/CMakeFiles/CMakeTmp/CMAKE_TRY_COMPILE.build/Debug/cmTC_fc073.build/Objects-normal/x86_64/CheckIncludeFile.o
/Users/kiki/dev/slay/build_debug/CMakeFiles/CMakeTmp/CheckIncludeFile.c:1:10: fatal error: 'malloc.h' file not found
#include <malloc.h>
         ^~~~~~~~~~
1 error generated.

** BUILD FAILED **


The following build commands failed:
	CompileC CMAKE_TRY_COMPILE.build/Debug/cmTC_fc073.build/Objects-normal/x86_64/CheckIncludeFile.o CheckIncludeFile.c normal x86_64 c com.apple.compilers.llvm.clang.1_0.compiler
(1 failure)



Determining if the function _strrev exists failed with the following output:
Change Dir: /Users/kiki/dev/slay/build_debug/CMakeFiles/CMakeTmp

Run Build Command(s):/usr/bin/xcodebuild -project CMAKE_TRY_COMPILE.xcodeproj build -target cmTC_5d90f -configuration Debug -hideShellScriptEnvironment && User defaults from command line:
    HideShellScriptEnvironment = YES

Prepare build
note: Using legacy build system
=== BUILD TARGET cmTC_5d90f OF PROJECT CMAKE_TRY_COMPILE WITH CONFIGURATION Debug ===

Check dependencies

Write auxiliary files
/bin/mkdir -p /Users/kiki/dev/slay/build_debug/CMakeFiles/CMakeTmp/CMAKE_TRY_COMPILE.build/Debug/cmTC_5d90f.build/Objects-normal/x86_64
write-file /Users/kiki/dev/slay/build_debug/CMakeFiles/CMakeTmp/CMAKE_TRY_COMPILE.build/Debug/cmTC_5d90f.build/Objects-normal/x86_64/cmTC_5d90f.LinkFileList

CompileC CMAKE_TRY_COMPILE.build/Debug/cmTC_5d90f.build/Objects-normal/x86_64/CheckFunctionExists.o /usr/local/Cellar/cmake/3.15.5/share/cmake/Modules/CheckFunctionExists.c normal x86_64 c com.apple.compilers.llvm.clang.1_0.compiler
    cd /Users/kiki/dev/slay/build_debug/CMakeFiles/CMakeTmp
    /Applications/Xcode.app/Contents/Developer/Toolchains/XcodeDefault.xctoolchain/usr/bin/clang -x c -target x86_64-apple-macos10.15 -fmessage-length=0 -fdiagnostics-show-note-include-stack -fmacro-backtrace-limit=0 -Wno-trigraphs -fpascal-strings -O0 -Wno-missing-field-initializers -Wno-missing-prototypes -Wno-return-type -Wno-missing-braces -Wparentheses -Wswitch -Wno-unused-function -Wno-unused-label -Wno-unused-parameter -Wno-unused-variable -Wunused-value -Wno-empty-body -Wno-uninitialized -Wno-unknown-pragmas -Wno-shadow -Wno-four-char-constants -Wno-conversion -Wno-constant-conversion -Wno-int-conversion -Wno-bool-conversion -Wno-enum-conversion -Wno-float-conversion -Wno-non-literal-null-conversion -Wno-objc-literal-conversion -Wno-shorten-64-to-32 -Wpointer-sign -Wno-newline-eof -DCMAKE_INTDIR=\"Debug\" -isysroot /Applications/Xcode.app/Contents/Developer/Platforms/MacOSX.platform/Developer/SDKs/MacOSX10.15.sdk -fasm-blocks -fstrict-aliasing -Wdeprecated-declarations -g -Wno-sign-conversion -Wno-infinite-recursion -Wno-comma -Wno-block-capture-autoreleasing -Wno-strict-prototypes -Wno-semicolon-before-method-body -I/Users/kiki/dev/slay/build_debug/CMakeFiles/CMakeTmp/Debug/include -I/Users/kiki/dev/slay/build_debug/CMakeFiles/CMakeTmp/CMAKE_TRY_COMPILE.build/Debug/cmTC_5d90f.build/DerivedSources-normal/x86_64 -I/Users/kiki/dev/slay/build_debug/CMakeFiles/CMakeTmp/CMAKE_TRY_COMPILE.build/Debug/cmTC_5d90f.build/DerivedSources/x86_64 -I/Users/kiki/dev/slay/build_debug/CMakeFiles/CMakeTmp/CMAKE_TRY_COMPILE.build/Debug/cmTC_5d90f.build/DerivedSources -Wmost -Wno-four-char-constants -Wno-unknown-pragmas -F/Users/kiki/dev/slay/build_debug/CMakeFiles/CMakeTmp/Debug -idirafter /Users/kiki/dev/slay/contrib/sdl2/src/video/khronos -DCHECK_FUNCTION_EXISTS=_strrev -MMD -MT dependencies -MF /Users/kiki/dev/slay/build_debug/CMakeFiles/CMakeTmp/CMAKE_TRY_COMPILE.build/Debug/cmTC_5d90f.build/Objects-normal/x86_64/CheckFunctionExists.d --serialize-diagnostics /Users/kiki/dev/slay/build_debug/CMakeFiles/CMakeTmp/CMAKE_TRY_COMPILE.build/Debug/cmTC_5d90f.build/Objects-normal/x86_64/CheckFunctionExists.dia -c /usr/local/Cellar/cmake/3.15.5/share/cmake/Modules/CheckFunctionExists.c -o /Users/kiki/dev/slay/build_debug/CMakeFiles/CMakeTmp/CMAKE_TRY_COMPILE.build/Debug/cmTC_5d90f.build/Objects-normal/x86_64/CheckFunctionExists.o

Ld Debug/cmTC_5d90f normal x86_64
    cd /Users/kiki/dev/slay/build_debug/CMakeFiles/CMakeTmp
    /Applications/Xcode.app/Contents/Developer/Toolchains/XcodeDefault.xctoolchain/usr/bin/clang -target x86_64-apple-macos10.15 -isysroot /Applications/Xcode.app/Contents/Developer/Platforms/MacOSX.platform/Developer/SDKs/MacOSX10.15.sdk -L/Users/kiki/dev/slay/build_debug/CMakeFiles/CMakeTmp/Debug -F/Users/kiki/dev/slay/build_debug/CMakeFiles/CMakeTmp/Debug -filelist /Users/kiki/dev/slay/build_debug/CMakeFiles/CMakeTmp/CMAKE_TRY_COMPILE.build/Debug/cmTC_5d90f.build/Objects-normal/x86_64/cmTC_5d90f.LinkFileList -Xlinker -object_path_lto -Xlinker /Users/kiki/dev/slay/build_debug/CMakeFiles/CMakeTmp/CMAKE_TRY_COMPILE.build/Debug/cmTC_5d90f.build/Objects-normal/x86_64/cmTC_5d90f_lto.o -Xlinker -no_deduplicate -Wl,-search_paths_first -Wl,-headerpad_max_install_names -Xlinker -dependency_info -Xlinker /Users/kiki/dev/slay/build_debug/CMakeFiles/CMakeTmp/CMAKE_TRY_COMPILE.build/Debug/cmTC_5d90f.build/Objects-normal/x86_64/cmTC_5d90f_dependency_info.dat -o /Users/kiki/dev/slay/build_debug/CMakeFiles/CMakeTmp/Debug/cmTC_5d90f
Undefined symbols for architecture x86_64:
  "__strrev", referenced from:
      _main in CheckFunctionExists.o
ld: symbol(s) not found for architecture x86_64
clang: error: linker command failed with exit code 1 (use -v to see invocation)

** BUILD FAILED **


The following build commands failed:
	Ld Debug/cmTC_5d90f normal x86_64
(1 failure)



Determining if the function _strupr exists failed with the following output:
Change Dir: /Users/kiki/dev/slay/build_debug/CMakeFiles/CMakeTmp

Run Build Command(s):/usr/bin/xcodebuild -project CMAKE_TRY_COMPILE.xcodeproj build -target cmTC_eaabd -configuration Debug -hideShellScriptEnvironment && User defaults from command line:
    HideShellScriptEnvironment = YES

Prepare build
note: Using legacy build system
=== BUILD TARGET cmTC_eaabd OF PROJECT CMAKE_TRY_COMPILE WITH CONFIGURATION Debug ===

Check dependencies

Write auxiliary files
/bin/mkdir -p /Users/kiki/dev/slay/build_debug/CMakeFiles/CMakeTmp/CMAKE_TRY_COMPILE.build/Debug/cmTC_eaabd.build/Objects-normal/x86_64
write-file /Users/kiki/dev/slay/build_debug/CMakeFiles/CMakeTmp/CMAKE_TRY_COMPILE.build/Debug/cmTC_eaabd.build/Objects-normal/x86_64/cmTC_eaabd.LinkFileList

CompileC CMAKE_TRY_COMPILE.build/Debug/cmTC_eaabd.build/Objects-normal/x86_64/CheckFunctionExists.o /usr/local/Cellar/cmake/3.15.5/share/cmake/Modules/CheckFunctionExists.c normal x86_64 c com.apple.compilers.llvm.clang.1_0.compiler
    cd /Users/kiki/dev/slay/build_debug/CMakeFiles/CMakeTmp
    /Applications/Xcode.app/Contents/Developer/Toolchains/XcodeDefault.xctoolchain/usr/bin/clang -x c -target x86_64-apple-macos10.15 -fmessage-length=0 -fdiagnostics-show-note-include-stack -fmacro-backtrace-limit=0 -Wno-trigraphs -fpascal-strings -O0 -Wno-missing-field-initializers -Wno-missing-prototypes -Wno-return-type -Wno-missing-braces -Wparentheses -Wswitch -Wno-unused-function -Wno-unused-label -Wno-unused-parameter -Wno-unused-variable -Wunused-value -Wno-empty-body -Wno-uninitialized -Wno-unknown-pragmas -Wno-shadow -Wno-four-char-constants -Wno-conversion -Wno-constant-conversion -Wno-int-conversion -Wno-bool-conversion -Wno-enum-conversion -Wno-float-conversion -Wno-non-literal-null-conversion -Wno-objc-literal-conversion -Wno-shorten-64-to-32 -Wpointer-sign -Wno-newline-eof -DCMAKE_INTDIR=\"Debug\" -isysroot /Applications/Xcode.app/Contents/Developer/Platforms/MacOSX.platform/Developer/SDKs/MacOSX10.15.sdk -fasm-blocks -fstrict-aliasing -Wdeprecated-declarations -g -Wno-sign-conversion -Wno-infinite-recursion -Wno-comma -Wno-block-capture-autoreleasing -Wno-strict-prototypes -Wno-semicolon-before-method-body -I/Users/kiki/dev/slay/build_debug/CMakeFiles/CMakeTmp/Debug/include -I/Users/kiki/dev/slay/build_debug/CMakeFiles/CMakeTmp/CMAKE_TRY_COMPILE.build/Debug/cmTC_eaabd.build/DerivedSources-normal/x86_64 -I/Users/kiki/dev/slay/build_debug/CMakeFiles/CMakeTmp/CMAKE_TRY_COMPILE.build/Debug/cmTC_eaabd.build/DerivedSources/x86_64 -I/Users/kiki/dev/slay/build_debug/CMakeFiles/CMakeTmp/CMAKE_TRY_COMPILE.build/Debug/cmTC_eaabd.build/DerivedSources -Wmost -Wno-four-char-constants -Wno-unknown-pragmas -F/Users/kiki/dev/slay/build_debug/CMakeFiles/CMakeTmp/Debug -idirafter /Users/kiki/dev/slay/contrib/sdl2/src/video/khronos -DCHECK_FUNCTION_EXISTS=_strupr -MMD -MT dependencies -MF /Users/kiki/dev/slay/build_debug/CMakeFiles/CMakeTmp/CMAKE_TRY_COMPILE.build/Debug/cmTC_eaabd.build/Objects-normal/x86_64/CheckFunctionExists.d --serialize-diagnostics /Users/kiki/dev/slay/build_debug/CMakeFiles/CMakeTmp/CMAKE_TRY_COMPILE.build/Debug/cmTC_eaabd.build/Objects-normal/x86_64/CheckFunctionExists.dia -c /usr/local/Cellar/cmake/3.15.5/share/cmake/Modules/CheckFunctionExists.c -o /Users/kiki/dev/slay/build_debug/CMakeFiles/CMakeTmp/CMAKE_TRY_COMPILE.build/Debug/cmTC_eaabd.build/Objects-normal/x86_64/CheckFunctionExists.o

Ld Debug/cmTC_eaabd normal x86_64
    cd /Users/kiki/dev/slay/build_debug/CMakeFiles/CMakeTmp
    /Applications/Xcode.app/Contents/Developer/Toolchains/XcodeDefault.xctoolchain/usr/bin/clang -target x86_64-apple-macos10.15 -isysroot /Applications/Xcode.app/Contents/Developer/Platforms/MacOSX.platform/Developer/SDKs/MacOSX10.15.sdk -L/Users/kiki/dev/slay/build_debug/CMakeFiles/CMakeTmp/Debug -F/Users/kiki/dev/slay/build_debug/CMakeFiles/CMakeTmp/Debug -filelist /Users/kiki/dev/slay/build_debug/CMakeFiles/CMakeTmp/CMAKE_TRY_COMPILE.build/Debug/cmTC_eaabd.build/Objects-normal/x86_64/cmTC_eaabd.LinkFileList -Xlinker -object_path_lto -Xlinker /Users/kiki/dev/slay/build_debug/CMakeFiles/CMakeTmp/CMAKE_TRY_COMPILE.build/Debug/cmTC_eaabd.build/Objects-normal/x86_64/cmTC_eaabd_lto.o -Xlinker -no_deduplicate -Wl,-search_paths_first -Wl,-headerpad_max_install_names -Xlinker -dependency_info -Xlinker /Users/kiki/dev/slay/build_debug/CMakeFiles/CMakeTmp/CMAKE_TRY_COMPILE.build/Debug/cmTC_eaabd.build/Objects-normal/x86_64/cmTC_eaabd_dependency_info.dat -o /Users/kiki/dev/slay/build_debug/CMakeFiles/CMakeTmp/Debug/cmTC_eaabd
Undefined symbols for architecture x86_64:
  "__strupr", referenced from:
      _main in CheckFunctionExists.o
ld: symbol(s) not found for architecture x86_64
clang: error: linker command failed with exit code 1 (use -v to see invocation)

** BUILD FAILED **


The following build commands failed:
	Ld Debug/cmTC_eaabd normal x86_64
(1 failure)



Determining if the function _strlwr exists failed with the following output:
Change Dir: /Users/kiki/dev/slay/build_debug/CMakeFiles/CMakeTmp

Run Build Command(s):/usr/bin/xcodebuild -project CMAKE_TRY_COMPILE.xcodeproj build -target cmTC_34786 -configuration Debug -hideShellScriptEnvironment && User defaults from command line:
    HideShellScriptEnvironment = YES

Prepare build
note: Using legacy build system
=== BUILD TARGET cmTC_34786 OF PROJECT CMAKE_TRY_COMPILE WITH CONFIGURATION Debug ===

Check dependencies

Write auxiliary files
/bin/mkdir -p /Users/kiki/dev/slay/build_debug/CMakeFiles/CMakeTmp/CMAKE_TRY_COMPILE.build/Debug/cmTC_34786.build/Objects-normal/x86_64
write-file /Users/kiki/dev/slay/build_debug/CMakeFiles/CMakeTmp/CMAKE_TRY_COMPILE.build/Debug/cmTC_34786.build/Objects-normal/x86_64/cmTC_34786.LinkFileList

CompileC CMAKE_TRY_COMPILE.build/Debug/cmTC_34786.build/Objects-normal/x86_64/CheckFunctionExists.o /usr/local/Cellar/cmake/3.15.5/share/cmake/Modules/CheckFunctionExists.c normal x86_64 c com.apple.compilers.llvm.clang.1_0.compiler
    cd /Users/kiki/dev/slay/build_debug/CMakeFiles/CMakeTmp
    /Applications/Xcode.app/Contents/Developer/Toolchains/XcodeDefault.xctoolchain/usr/bin/clang -x c -target x86_64-apple-macos10.15 -fmessage-length=0 -fdiagnostics-show-note-include-stack -fmacro-backtrace-limit=0 -Wno-trigraphs -fpascal-strings -O0 -Wno-missing-field-initializers -Wno-missing-prototypes -Wno-return-type -Wno-missing-braces -Wparentheses -Wswitch -Wno-unused-function -Wno-unused-label -Wno-unused-parameter -Wno-unused-variable -Wunused-value -Wno-empty-body -Wno-uninitialized -Wno-unknown-pragmas -Wno-shadow -Wno-four-char-constants -Wno-conversion -Wno-constant-conversion -Wno-int-conversion -Wno-bool-conversion -Wno-enum-conversion -Wno-float-conversion -Wno-non-literal-null-conversion -Wno-objc-literal-conversion -Wno-shorten-64-to-32 -Wpointer-sign -Wno-newline-eof -DCMAKE_INTDIR=\"Debug\" -isysroot /Applications/Xcode.app/Contents/Developer/Platforms/MacOSX.platform/Developer/SDKs/MacOSX10.15.sdk -fasm-blocks -fstrict-aliasing -Wdeprecated-declarations -g -Wno-sign-conversion -Wno-infinite-recursion -Wno-comma -Wno-block-capture-autoreleasing -Wno-strict-prototypes -Wno-semicolon-before-method-body -I/Users/kiki/dev/slay/build_debug/CMakeFiles/CMakeTmp/Debug/include -I/Users/kiki/dev/slay/build_debug/CMakeFiles/CMakeTmp/CMAKE_TRY_COMPILE.build/Debug/cmTC_34786.build/DerivedSources-normal/x86_64 -I/Users/kiki/dev/slay/build_debug/CMakeFiles/CMakeTmp/CMAKE_TRY_COMPILE.build/Debug/cmTC_34786.build/DerivedSources/x86_64 -I/Users/kiki/dev/slay/build_debug/CMakeFiles/CMakeTmp/CMAKE_TRY_COMPILE.build/Debug/cmTC_34786.build/DerivedSources -Wmost -Wno-four-char-constants -Wno-unknown-pragmas -F/Users/kiki/dev/slay/build_debug/CMakeFiles/CMakeTmp/Debug -idirafter /Users/kiki/dev/slay/contrib/sdl2/src/video/khronos -DCHECK_FUNCTION_EXISTS=_strlwr -MMD -MT dependencies -MF /Users/kiki/dev/slay/build_debug/CMakeFiles/CMakeTmp/CMAKE_TRY_COMPILE.build/Debug/cmTC_34786.build/Objects-normal/x86_64/CheckFunctionExists.d --serialize-diagnostics /Users/kiki/dev/slay/build_debug/CMakeFiles/CMakeTmp/CMAKE_TRY_COMPILE.build/Debug/cmTC_34786.build/Objects-normal/x86_64/CheckFunctionExists.dia -c /usr/local/Cellar/cmake/3.15.5/share/cmake/Modules/CheckFunctionExists.c -o /Users/kiki/dev/slay/build_debug/CMakeFiles/CMakeTmp/CMAKE_TRY_COMPILE.build/Debug/cmTC_34786.build/Objects-normal/x86_64/CheckFunctionExists.o

Ld Debug/cmTC_34786 normal x86_64
    cd /Users/kiki/dev/slay/build_debug/CMakeFiles/CMakeTmp
    /Applications/Xcode.app/Contents/Developer/Toolchains/XcodeDefault.xctoolchain/usr/bin/clang -target x86_64-apple-macos10.15 -isysroot /Applications/Xcode.app/Contents/Developer/Platforms/MacOSX.platform/Developer/SDKs/MacOSX10.15.sdk -L/Users/kiki/dev/slay/build_debug/CMakeFiles/CMakeTmp/Debug -F/Users/kiki/dev/slay/build_debug/CMakeFiles/CMakeTmp/Debug -filelist /Users/kiki/dev/slay/build_debug/CMakeFiles/CMakeTmp/CMAKE_TRY_COMPILE.build/Debug/cmTC_34786.build/Objects-normal/x86_64/cmTC_34786.LinkFileList -Xlinker -object_path_lto -Xlinker /Users/kiki/dev/slay/build_debug/CMakeFiles/CMakeTmp/CMAKE_TRY_COMPILE.build/Debug/cmTC_34786.build/Objects-normal/x86_64/cmTC_34786_lto.o -Xlinker -no_deduplicate -Wl,-search_paths_first -Wl,-headerpad_max_install_names -Xlinker -dependency_info -Xlinker /Users/kiki/dev/slay/build_debug/CMakeFiles/CMakeTmp/CMAKE_TRY_COMPILE.build/Debug/cmTC_34786.build/Objects-normal/x86_64/cmTC_34786_dependency_info.dat -o /Users/kiki/dev/slay/build_debug/CMakeFiles/CMakeTmp/Debug/cmTC_34786
Undefined symbols for architecture x86_64:
  "__strlwr", referenced from:
      _main in CheckFunctionExists.o
ld: symbol(s) not found for architecture x86_64
clang: error: linker command failed with exit code 1 (use -v to see invocation)

** BUILD FAILED **


The following build commands failed:
	Ld Debug/cmTC_34786 normal x86_64
(1 failure)



Determining if the function itoa exists failed with the following output:
Change Dir: /Users/kiki/dev/slay/build_debug/CMakeFiles/CMakeTmp

Run Build Command(s):/usr/bin/xcodebuild -project CMAKE_TRY_COMPILE.xcodeproj build -target cmTC_94262 -configuration Debug -hideShellScriptEnvironment && User defaults from command line:
    HideShellScriptEnvironment = YES

Prepare build
note: Using legacy build system
=== BUILD TARGET cmTC_94262 OF PROJECT CMAKE_TRY_COMPILE WITH CONFIGURATION Debug ===

Check dependencies

Write auxiliary files
/bin/mkdir -p /Users/kiki/dev/slay/build_debug/CMakeFiles/CMakeTmp/CMAKE_TRY_COMPILE.build/Debug/cmTC_94262.build/Objects-normal/x86_64
write-file /Users/kiki/dev/slay/build_debug/CMakeFiles/CMakeTmp/CMAKE_TRY_COMPILE.build/Debug/cmTC_94262.build/Objects-normal/x86_64/cmTC_94262.LinkFileList

CompileC CMAKE_TRY_COMPILE.build/Debug/cmTC_94262.build/Objects-normal/x86_64/CheckFunctionExists.o /usr/local/Cellar/cmake/3.15.5/share/cmake/Modules/CheckFunctionExists.c normal x86_64 c com.apple.compilers.llvm.clang.1_0.compiler
    cd /Users/kiki/dev/slay/build_debug/CMakeFiles/CMakeTmp
    /Applications/Xcode.app/Contents/Developer/Toolchains/XcodeDefault.xctoolchain/usr/bin/clang -x c -target x86_64-apple-macos10.15 -fmessage-length=0 -fdiagnostics-show-note-include-stack -fmacro-backtrace-limit=0 -Wno-trigraphs -fpascal-strings -O0 -Wno-missing-field-initializers -Wno-missing-prototypes -Wno-return-type -Wno-missing-braces -Wparentheses -Wswitch -Wno-unused-function -Wno-unused-label -Wno-unused-parameter -Wno-unused-variable -Wunused-value -Wno-empty-body -Wno-uninitialized -Wno-unknown-pragmas -Wno-shadow -Wno-four-char-constants -Wno-conversion -Wno-constant-conversion -Wno-int-conversion -Wno-bool-conversion -Wno-enum-conversion -Wno-float-conversion -Wno-non-literal-null-conversion -Wno-objc-literal-conversion -Wno-shorten-64-to-32 -Wpointer-sign -Wno-newline-eof -DCMAKE_INTDIR=\"Debug\" -isysroot /Applications/Xcode.app/Contents/Developer/Platforms/MacOSX.platform/Developer/SDKs/MacOSX10.15.sdk -fasm-blocks -fstrict-aliasing -Wdeprecated-declarations -g -Wno-sign-conversion -Wno-infinite-recursion -Wno-comma -Wno-block-capture-autoreleasing -Wno-strict-prototypes -Wno-semicolon-before-method-body -I/Users/kiki/dev/slay/build_debug/CMakeFiles/CMakeTmp/Debug/include -I/Users/kiki/dev/slay/build_debug/CMakeFiles/CMakeTmp/CMAKE_TRY_COMPILE.build/Debug/cmTC_94262.build/DerivedSources-normal/x86_64 -I/Users/kiki/dev/slay/build_debug/CMakeFiles/CMakeTmp/CMAKE_TRY_COMPILE.build/Debug/cmTC_94262.build/DerivedSources/x86_64 -I/Users/kiki/dev/slay/build_debug/CMakeFiles/CMakeTmp/CMAKE_TRY_COMPILE.build/Debug/cmTC_94262.build/DerivedSources -Wmost -Wno-four-char-constants -Wno-unknown-pragmas -F/Users/kiki/dev/slay/build_debug/CMakeFiles/CMakeTmp/Debug -idirafter /Users/kiki/dev/slay/contrib/sdl2/src/video/khronos -DCHECK_FUNCTION_EXISTS=itoa -MMD -MT dependencies -MF /Users/kiki/dev/slay/build_debug/CMakeFiles/CMakeTmp/CMAKE_TRY_COMPILE.build/Debug/cmTC_94262.build/Objects-normal/x86_64/CheckFunctionExists.d --serialize-diagnostics /Users/kiki/dev/slay/build_debug/CMakeFiles/CMakeTmp/CMAKE_TRY_COMPILE.build/Debug/cmTC_94262.build/Objects-normal/x86_64/CheckFunctionExists.dia -c /usr/local/Cellar/cmake/3.15.5/share/cmake/Modules/CheckFunctionExists.c -o /Users/kiki/dev/slay/build_debug/CMakeFiles/CMakeTmp/CMAKE_TRY_COMPILE.build/Debug/cmTC_94262.build/Objects-normal/x86_64/CheckFunctionExists.o

Ld Debug/cmTC_94262 normal x86_64
    cd /Users/kiki/dev/slay/build_debug/CMakeFiles/CMakeTmp
    /Applications/Xcode.app/Contents/Developer/Toolchains/XcodeDefault.xctoolchain/usr/bin/clang -target x86_64-apple-macos10.15 -isysroot /Applications/Xcode.app/Contents/Developer/Platforms/MacOSX.platform/Developer/SDKs/MacOSX10.15.sdk -L/Users/kiki/dev/slay/build_debug/CMakeFiles/CMakeTmp/Debug -F/Users/kiki/dev/slay/build_debug/CMakeFiles/CMakeTmp/Debug -filelist /Users/kiki/dev/slay/build_debug/CMakeFiles/CMakeTmp/CMAKE_TRY_COMPILE.build/Debug/cmTC_94262.build/Objects-normal/x86_64/cmTC_94262.LinkFileList -Xlinker -object_path_lto -Xlinker /Users/kiki/dev/slay/build_debug/CMakeFiles/CMakeTmp/CMAKE_TRY_COMPILE.build/Debug/cmTC_94262.build/Objects-normal/x86_64/cmTC_94262_lto.o -Xlinker -no_deduplicate -Wl,-search_paths_first -Wl,-headerpad_max_install_names -Xlinker -dependency_info -Xlinker /Users/kiki/dev/slay/build_debug/CMakeFiles/CMakeTmp/CMAKE_TRY_COMPILE.build/Debug/cmTC_94262.build/Objects-normal/x86_64/cmTC_94262_dependency_info.dat -o /Users/kiki/dev/slay/build_debug/CMakeFiles/CMakeTmp/Debug/cmTC_94262
Undefined symbols for architecture x86_64:
  "_itoa", referenced from:
      _main in CheckFunctionExists.o
ld: symbol(s) not found for architecture x86_64
clang: error: linker command failed with exit code 1 (use -v to see invocation)

** BUILD FAILED **


The following build commands failed:
	Ld Debug/cmTC_94262 normal x86_64
(1 failure)



Determining if the function _ltoa exists failed with the following output:
Change Dir: /Users/kiki/dev/slay/build_debug/CMakeFiles/CMakeTmp

Run Build Command(s):/usr/bin/xcodebuild -project CMAKE_TRY_COMPILE.xcodeproj build -target cmTC_f3ac8 -configuration Debug -hideShellScriptEnvironment && User defaults from command line:
    HideShellScriptEnvironment = YES

Prepare build
note: Using legacy build system
=== BUILD TARGET cmTC_f3ac8 OF PROJECT CMAKE_TRY_COMPILE WITH CONFIGURATION Debug ===

Check dependencies

Write auxiliary files
/bin/mkdir -p /Users/kiki/dev/slay/build_debug/CMakeFiles/CMakeTmp/CMAKE_TRY_COMPILE.build/Debug/cmTC_f3ac8.build/Objects-normal/x86_64
write-file /Users/kiki/dev/slay/build_debug/CMakeFiles/CMakeTmp/CMAKE_TRY_COMPILE.build/Debug/cmTC_f3ac8.build/Objects-normal/x86_64/cmTC_f3ac8.LinkFileList

CompileC CMAKE_TRY_COMPILE.build/Debug/cmTC_f3ac8.build/Objects-normal/x86_64/CheckFunctionExists.o /usr/local/Cellar/cmake/3.15.5/share/cmake/Modules/CheckFunctionExists.c normal x86_64 c com.apple.compilers.llvm.clang.1_0.compiler
    cd /Users/kiki/dev/slay/build_debug/CMakeFiles/CMakeTmp
    /Applications/Xcode.app/Contents/Developer/Toolchains/XcodeDefault.xctoolchain/usr/bin/clang -x c -target x86_64-apple-macos10.15 -fmessage-length=0 -fdiagnostics-show-note-include-stack -fmacro-backtrace-limit=0 -Wno-trigraphs -fpascal-strings -O0 -Wno-missing-field-initializers -Wno-missing-prototypes -Wno-return-type -Wno-missing-braces -Wparentheses -Wswitch -Wno-unused-function -Wno-unused-label -Wno-unused-parameter -Wno-unused-variable -Wunused-value -Wno-empty-body -Wno-uninitialized -Wno-unknown-pragmas -Wno-shadow -Wno-four-char-constants -Wno-conversion -Wno-constant-conversion -Wno-int-conversion -Wno-bool-conversion -Wno-enum-conversion -Wno-float-conversion -Wno-non-literal-null-conversion -Wno-objc-literal-conversion -Wno-shorten-64-to-32 -Wpointer-sign -Wno-newline-eof -DCMAKE_INTDIR=\"Debug\" -isysroot /Applications/Xcode.app/Contents/Developer/Platforms/MacOSX.platform/Developer/SDKs/MacOSX10.15.sdk -fasm-blocks -fstrict-aliasing -Wdeprecated-declarations -g -Wno-sign-conversion -Wno-infinite-recursion -Wno-comma -Wno-block-capture-autoreleasing -Wno-strict-prototypes -Wno-semicolon-before-method-body -I/Users/kiki/dev/slay/build_debug/CMakeFiles/CMakeTmp/Debug/include -I/Users/kiki/dev/slay/build_debug/CMakeFiles/CMakeTmp/CMAKE_TRY_COMPILE.build/Debug/cmTC_f3ac8.build/DerivedSources-normal/x86_64 -I/Users/kiki/dev/slay/build_debug/CMakeFiles/CMakeTmp/CMAKE_TRY_COMPILE.build/Debug/cmTC_f3ac8.build/DerivedSources/x86_64 -I/Users/kiki/dev/slay/build_debug/CMakeFiles/CMakeTmp/CMAKE_TRY_COMPILE.build/Debug/cmTC_f3ac8.build/DerivedSources -Wmost -Wno-four-char-constants -Wno-unknown-pragmas -F/Users/kiki/dev/slay/build_debug/CMakeFiles/CMakeTmp/Debug -idirafter /Users/kiki/dev/slay/contrib/sdl2/src/video/khronos -DCHECK_FUNCTION_EXISTS=_ltoa -MMD -MT dependencies -MF /Users/kiki/dev/slay/build_debug/CMakeFiles/CMakeTmp/CMAKE_TRY_COMPILE.build/Debug/cmTC_f3ac8.build/Objects-normal/x86_64/CheckFunctionExists.d --serialize-diagnostics /Users/kiki/dev/slay/build_debug/CMakeFiles/CMakeTmp/CMAKE_TRY_COMPILE.build/Debug/cmTC_f3ac8.build/Objects-normal/x86_64/CheckFunctionExists.dia -c /usr/local/Cellar/cmake/3.15.5/share/cmake/Modules/CheckFunctionExists.c -o /Users/kiki/dev/slay/build_debug/CMakeFiles/CMakeTmp/CMAKE_TRY_COMPILE.build/Debug/cmTC_f3ac8.build/Objects-normal/x86_64/CheckFunctionExists.o

Ld Debug/cmTC_f3ac8 normal x86_64
    cd /Users/kiki/dev/slay/build_debug/CMakeFiles/CMakeTmp
    /Applications/Xcode.app/Contents/Developer/Toolchains/XcodeDefault.xctoolchain/usr/bin/clang -target x86_64-apple-macos10.15 -isysroot /Applications/Xcode.app/Contents/Developer/Platforms/MacOSX.platform/Developer/SDKs/MacOSX10.15.sdk -L/Users/kiki/dev/slay/build_debug/CMakeFiles/CMakeTmp/Debug -F/Users/kiki/dev/slay/build_debug/CMakeFiles/CMakeTmp/Debug -filelist /Users/kiki/dev/slay/build_debug/CMakeFiles/CMakeTmp/CMAKE_TRY_COMPILE.build/Debug/cmTC_f3ac8.build/Objects-normal/x86_64/cmTC_f3ac8.LinkFileList -Xlinker -object_path_lto -Xlinker /Users/kiki/dev/slay/build_debug/CMakeFiles/CMakeTmp/CMAKE_TRY_COMPILE.build/Debug/cmTC_f3ac8.build/Objects-normal/x86_64/cmTC_f3ac8_lto.o -Xlinker -no_deduplicate -Wl,-search_paths_first -Wl,-headerpad_max_install_names -Xlinker -dependency_info -Xlinker /Users/kiki/dev/slay/build_debug/CMakeFiles/CMakeTmp/CMAKE_TRY_COMPILE.build/Debug/cmTC_f3ac8.build/Objects-normal/x86_64/cmTC_f3ac8_dependency_info.dat -o /Users/kiki/dev/slay/build_debug/CMakeFiles/CMakeTmp/Debug/cmTC_f3ac8
Undefined symbols for architecture x86_64:
  "__ltoa", referenced from:
      _main in CheckFunctionExists.o
ld: symbol(s) not found for architecture x86_64
clang: error: linker command failed with exit code 1 (use -v to see invocation)

** BUILD FAILED **


The following build commands failed:
	Ld Debug/cmTC_f3ac8 normal x86_64
(1 failure)



Determining if the function _uitoa exists failed with the following output:
Change Dir: /Users/kiki/dev/slay/build_debug/CMakeFiles/CMakeTmp

Run Build Command(s):/usr/bin/xcodebuild -project CMAKE_TRY_COMPILE.xcodeproj build -target cmTC_99964 -configuration Debug -hideShellScriptEnvironment && User defaults from command line:
    HideShellScriptEnvironment = YES

Prepare build
note: Using legacy build system
=== BUILD TARGET cmTC_99964 OF PROJECT CMAKE_TRY_COMPILE WITH CONFIGURATION Debug ===

Check dependencies

Write auxiliary files
/bin/mkdir -p /Users/kiki/dev/slay/build_debug/CMakeFiles/CMakeTmp/CMAKE_TRY_COMPILE.build/Debug/cmTC_99964.build/Objects-normal/x86_64
write-file /Users/kiki/dev/slay/build_debug/CMakeFiles/CMakeTmp/CMAKE_TRY_COMPILE.build/Debug/cmTC_99964.build/Objects-normal/x86_64/cmTC_99964.LinkFileList

CompileC CMAKE_TRY_COMPILE.build/Debug/cmTC_99964.build/Objects-normal/x86_64/CheckFunctionExists.o /usr/local/Cellar/cmake/3.15.5/share/cmake/Modules/CheckFunctionExists.c normal x86_64 c com.apple.compilers.llvm.clang.1_0.compiler
    cd /Users/kiki/dev/slay/build_debug/CMakeFiles/CMakeTmp
    /Applications/Xcode.app/Contents/Developer/Toolchains/XcodeDefault.xctoolchain/usr/bin/clang -x c -target x86_64-apple-macos10.15 -fmessage-length=0 -fdiagnostics-show-note-include-stack -fmacro-backtrace-limit=0 -Wno-trigraphs -fpascal-strings -O0 -Wno-missing-field-initializers -Wno-missing-prototypes -Wno-return-type -Wno-missing-braces -Wparentheses -Wswitch -Wno-unused-function -Wno-unused-label -Wno-unused-parameter -Wno-unused-variable -Wunused-value -Wno-empty-body -Wno-uninitialized -Wno-unknown-pragmas -Wno-shadow -Wno-four-char-constants -Wno-conversion -Wno-constant-conversion -Wno-int-conversion -Wno-bool-conversion -Wno-enum-conversion -Wno-float-conversion -Wno-non-literal-null-conversion -Wno-objc-literal-conversion -Wno-shorten-64-to-32 -Wpointer-sign -Wno-newline-eof -DCMAKE_INTDIR=\"Debug\" -isysroot /Applications/Xcode.app/Contents/Developer/Platforms/MacOSX.platform/Developer/SDKs/MacOSX10.15.sdk -fasm-blocks -fstrict-aliasing -Wdeprecated-declarations -g -Wno-sign-conversion -Wno-infinite-recursion -Wno-comma -Wno-block-capture-autoreleasing -Wno-strict-prototypes -Wno-semicolon-before-method-body -I/Users/kiki/dev/slay/build_debug/CMakeFiles/CMakeTmp/Debug/include -I/Users/kiki/dev/slay/build_debug/CMakeFiles/CMakeTmp/CMAKE_TRY_COMPILE.build/Debug/cmTC_99964.build/DerivedSources-normal/x86_64 -I/Users/kiki/dev/slay/build_debug/CMakeFiles/CMakeTmp/CMAKE_TRY_COMPILE.build/Debug/cmTC_99964.build/DerivedSources/x86_64 -I/Users/kiki/dev/slay/build_debug/CMakeFiles/CMakeTmp/CMAKE_TRY_COMPILE.build/Debug/cmTC_99964.build/DerivedSources -Wmost -Wno-four-char-constants -Wno-unknown-pragmas -F/Users/kiki/dev/slay/build_debug/CMakeFiles/CMakeTmp/Debug -idirafter /Users/kiki/dev/slay/contrib/sdl2/src/video/khronos -DCHECK_FUNCTION_EXISTS=_uitoa -MMD -MT dependencies -MF /Users/kiki/dev/slay/build_debug/CMakeFiles/CMakeTmp/CMAKE_TRY_COMPILE.build/Debug/cmTC_99964.build/Objects-normal/x86_64/CheckFunctionExists.d --serialize-diagnostics /Users/kiki/dev/slay/build_debug/CMakeFiles/CMakeTmp/CMAKE_TRY_COMPILE.build/Debug/cmTC_99964.build/Objects-normal/x86_64/CheckFunctionExists.dia -c /usr/local/Cellar/cmake/3.15.5/share/cmake/Modules/CheckFunctionExists.c -o /Users/kiki/dev/slay/build_debug/CMakeFiles/CMakeTmp/CMAKE_TRY_COMPILE.build/Debug/cmTC_99964.build/Objects-normal/x86_64/CheckFunctionExists.o

Ld Debug/cmTC_99964 normal x86_64
    cd /Users/kiki/dev/slay/build_debug/CMakeFiles/CMakeTmp
    /Applications/Xcode.app/Contents/Developer/Toolchains/XcodeDefault.xctoolchain/usr/bin/clang -target x86_64-apple-macos10.15 -isysroot /Applications/Xcode.app/Contents/Developer/Platforms/MacOSX.platform/Developer/SDKs/MacOSX10.15.sdk -L/Users/kiki/dev/slay/build_debug/CMakeFiles/CMakeTmp/Debug -F/Users/kiki/dev/slay/build_debug/CMakeFiles/CMakeTmp/Debug -filelist /Users/kiki/dev/slay/build_debug/CMakeFiles/CMakeTmp/CMAKE_TRY_COMPILE.build/Debug/cmTC_99964.build/Objects-normal/x86_64/cmTC_99964.LinkFileList -Xlinker -object_path_lto -Xlinker /Users/kiki/dev/slay/build_debug/CMakeFiles/CMakeTmp/CMAKE_TRY_COMPILE.build/Debug/cmTC_99964.build/Objects-normal/x86_64/cmTC_99964_lto.o -Xlinker -no_deduplicate -Wl,-search_paths_first -Wl,-headerpad_max_install_names -Xlinker -dependency_info -Xlinker /Users/kiki/dev/slay/build_debug/CMakeFiles/CMakeTmp/CMAKE_TRY_COMPILE.build/Debug/cmTC_99964.build/Objects-normal/x86_64/cmTC_99964_dependency_info.dat -o /Users/kiki/dev/slay/build_debug/CMakeFiles/CMakeTmp/Debug/cmTC_99964
Undefined symbols for architecture x86_64:
  "__uitoa", referenced from:
      _main in CheckFunctionExists.o
ld: symbol(s) not found for architecture x86_64
clang: error: linker command failed with exit code 1 (use -v to see invocation)

** BUILD FAILED **


The following build commands failed:
	Ld Debug/cmTC_99964 normal x86_64
(1 failure)



Determining if the function _ultoa exists failed with the following output:
Change Dir: /Users/kiki/dev/slay/build_debug/CMakeFiles/CMakeTmp

Run Build Command(s):/usr/bin/xcodebuild -project CMAKE_TRY_COMPILE.xcodeproj build -target cmTC_4aa7f -configuration Debug -hideShellScriptEnvironment && User defaults from command line:
    HideShellScriptEnvironment = YES

Prepare build
note: Using legacy build system
=== BUILD TARGET cmTC_4aa7f OF PROJECT CMAKE_TRY_COMPILE WITH CONFIGURATION Debug ===

Check dependencies

Write auxiliary files
/bin/mkdir -p /Users/kiki/dev/slay/build_debug/CMakeFiles/CMakeTmp/CMAKE_TRY_COMPILE.build/Debug/cmTC_4aa7f.build/Objects-normal/x86_64
write-file /Users/kiki/dev/slay/build_debug/CMakeFiles/CMakeTmp/CMAKE_TRY_COMPILE.build/Debug/cmTC_4aa7f.build/Objects-normal/x86_64/cmTC_4aa7f.LinkFileList

CompileC CMAKE_TRY_COMPILE.build/Debug/cmTC_4aa7f.build/Objects-normal/x86_64/CheckFunctionExists.o /usr/local/Cellar/cmake/3.15.5/share/cmake/Modules/CheckFunctionExists.c normal x86_64 c com.apple.compilers.llvm.clang.1_0.compiler
    cd /Users/kiki/dev/slay/build_debug/CMakeFiles/CMakeTmp
    /Applications/Xcode.app/Contents/Developer/Toolchains/XcodeDefault.xctoolchain/usr/bin/clang -x c -target x86_64-apple-macos10.15 -fmessage-length=0 -fdiagnostics-show-note-include-stack -fmacro-backtrace-limit=0 -Wno-trigraphs -fpascal-strings -O0 -Wno-missing-field-initializers -Wno-missing-prototypes -Wno-return-type -Wno-missing-braces -Wparentheses -Wswitch -Wno-unused-function -Wno-unused-label -Wno-unused-parameter -Wno-unused-variable -Wunused-value -Wno-empty-body -Wno-uninitialized -Wno-unknown-pragmas -Wno-shadow -Wno-four-char-constants -Wno-conversion -Wno-constant-conversion -Wno-int-conversion -Wno-bool-conversion -Wno-enum-conversion -Wno-float-conversion -Wno-non-literal-null-conversion -Wno-objc-literal-conversion -Wno-shorten-64-to-32 -Wpointer-sign -Wno-newline-eof -DCMAKE_INTDIR=\"Debug\" -isysroot /Applications/Xcode.app/Contents/Developer/Platforms/MacOSX.platform/Developer/SDKs/MacOSX10.15.sdk -fasm-blocks -fstrict-aliasing -Wdeprecated-declarations -g -Wno-sign-conversion -Wno-infinite-recursion -Wno-comma -Wno-block-capture-autoreleasing -Wno-strict-prototypes -Wno-semicolon-before-method-body -I/Users/kiki/dev/slay/build_debug/CMakeFiles/CMakeTmp/Debug/include -I/Users/kiki/dev/slay/build_debug/CMakeFiles/CMakeTmp/CMAKE_TRY_COMPILE.build/Debug/cmTC_4aa7f.build/DerivedSources-normal/x86_64 -I/Users/kiki/dev/slay/build_debug/CMakeFiles/CMakeTmp/CMAKE_TRY_COMPILE.build/Debug/cmTC_4aa7f.build/DerivedSources/x86_64 -I/Users/kiki/dev/slay/build_debug/CMakeFiles/CMakeTmp/CMAKE_TRY_COMPILE.build/Debug/cmTC_4aa7f.build/DerivedSources -Wmost -Wno-four-char-constants -Wno-unknown-pragmas -F/Users/kiki/dev/slay/build_debug/CMakeFiles/CMakeTmp/Debug -idirafter /Users/kiki/dev/slay/contrib/sdl2/src/video/khronos -DCHECK_FUNCTION_EXISTS=_ultoa -MMD -MT dependencies -MF /Users/kiki/dev/slay/build_debug/CMakeFiles/CMakeTmp/CMAKE_TRY_COMPILE.build/Debug/cmTC_4aa7f.build/Objects-normal/x86_64/CheckFunctionExists.d --serialize-diagnostics /Users/kiki/dev/slay/build_debug/CMakeFiles/CMakeTmp/CMAKE_TRY_COMPILE.build/Debug/cmTC_4aa7f.build/Objects-normal/x86_64/CheckFunctionExists.dia -c /usr/local/Cellar/cmake/3.15.5/share/cmake/Modules/CheckFunctionExists.c -o /Users/kiki/dev/slay/build_debug/CMakeFiles/CMakeTmp/CMAKE_TRY_COMPILE.build/Debug/cmTC_4aa7f.build/Objects-normal/x86_64/CheckFunctionExists.o

Ld Debug/cmTC_4aa7f normal x86_64
    cd /Users/kiki/dev/slay/build_debug/CMakeFiles/CMakeTmp
    /Applications/Xcode.app/Contents/Developer/Toolchains/XcodeDefault.xctoolchain/usr/bin/clang -target x86_64-apple-macos10.15 -isysroot /Applications/Xcode.app/Contents/Developer/Platforms/MacOSX.platform/Developer/SDKs/MacOSX10.15.sdk -L/Users/kiki/dev/slay/build_debug/CMakeFiles/CMakeTmp/Debug -F/Users/kiki/dev/slay/build_debug/CMakeFiles/CMakeTmp/Debug -filelist /Users/kiki/dev/slay/build_debug/CMakeFiles/CMakeTmp/CMAKE_TRY_COMPILE.build/Debug/cmTC_4aa7f.build/Objects-normal/x86_64/cmTC_4aa7f.LinkFileList -Xlinker -object_path_lto -Xlinker /Users/kiki/dev/slay/build_debug/CMakeFiles/CMakeTmp/CMAKE_TRY_COMPILE.build/Debug/cmTC_4aa7f.build/Objects-normal/x86_64/cmTC_4aa7f_lto.o -Xlinker -no_deduplicate -Wl,-search_paths_first -Wl,-headerpad_max_install_names -Xlinker -dependency_info -Xlinker /Users/kiki/dev/slay/build_debug/CMakeFiles/CMakeTmp/CMAKE_TRY_COMPILE.build/Debug/cmTC_4aa7f.build/Objects-normal/x86_64/cmTC_4aa7f_dependency_info.dat -o /Users/kiki/dev/slay/build_debug/CMakeFiles/CMakeTmp/Debug/cmTC_4aa7f
Undefined symbols for architecture x86_64:
  "__ultoa", referenced from:
      _main in CheckFunctionExists.o
ld: symbol(s) not found for architecture x86_64
clang: error: linker command failed with exit code 1 (use -v to see invocation)

** BUILD FAILED **


The following build commands failed:
	Ld Debug/cmTC_4aa7f normal x86_64
(1 failure)



Determining if the function _i64toa exists failed with the following output:
Change Dir: /Users/kiki/dev/slay/build_debug/CMakeFiles/CMakeTmp

Run Build Command(s):/usr/bin/xcodebuild -project CMAKE_TRY_COMPILE.xcodeproj build -target cmTC_f7537 -configuration Debug -hideShellScriptEnvironment && User defaults from command line:
    HideShellScriptEnvironment = YES

Prepare build
note: Using legacy build system
=== BUILD TARGET cmTC_f7537 OF PROJECT CMAKE_TRY_COMPILE WITH CONFIGURATION Debug ===

Check dependencies

Write auxiliary files
/bin/mkdir -p /Users/kiki/dev/slay/build_debug/CMakeFiles/CMakeTmp/CMAKE_TRY_COMPILE.build/Debug/cmTC_f7537.build/Objects-normal/x86_64
write-file /Users/kiki/dev/slay/build_debug/CMakeFiles/CMakeTmp/CMAKE_TRY_COMPILE.build/Debug/cmTC_f7537.build/Objects-normal/x86_64/cmTC_f7537.LinkFileList

CompileC CMAKE_TRY_COMPILE.build/Debug/cmTC_f7537.build/Objects-normal/x86_64/CheckFunctionExists.o /usr/local/Cellar/cmake/3.15.5/share/cmake/Modules/CheckFunctionExists.c normal x86_64 c com.apple.compilers.llvm.clang.1_0.compiler
    cd /Users/kiki/dev/slay/build_debug/CMakeFiles/CMakeTmp
    /Applications/Xcode.app/Contents/Developer/Toolchains/XcodeDefault.xctoolchain/usr/bin/clang -x c -target x86_64-apple-macos10.15 -fmessage-length=0 -fdiagnostics-show-note-include-stack -fmacro-backtrace-limit=0 -Wno-trigraphs -fpascal-strings -O0 -Wno-missing-field-initializers -Wno-missing-prototypes -Wno-return-type -Wno-missing-braces -Wparentheses -Wswitch -Wno-unused-function -Wno-unused-label -Wno-unused-parameter -Wno-unused-variable -Wunused-value -Wno-empty-body -Wno-uninitialized -Wno-unknown-pragmas -Wno-shadow -Wno-four-char-constants -Wno-conversion -Wno-constant-conversion -Wno-int-conversion -Wno-bool-conversion -Wno-enum-conversion -Wno-float-conversion -Wno-non-literal-null-conversion -Wno-objc-literal-conversion -Wno-shorten-64-to-32 -Wpointer-sign -Wno-newline-eof -DCMAKE_INTDIR=\"Debug\" -isysroot /Applications/Xcode.app/Contents/Developer/Platforms/MacOSX.platform/Developer/SDKs/MacOSX10.15.sdk -fasm-blocks -fstrict-aliasing -Wdeprecated-declarations -g -Wno-sign-conversion -Wno-infinite-recursion -Wno-comma -Wno-block-capture-autoreleasing -Wno-strict-prototypes -Wno-semicolon-before-method-body -I/Users/kiki/dev/slay/build_debug/CMakeFiles/CMakeTmp/Debug/include -I/Users/kiki/dev/slay/build_debug/CMakeFiles/CMakeTmp/CMAKE_TRY_COMPILE.build/Debug/cmTC_f7537.build/DerivedSources-normal/x86_64 -I/Users/kiki/dev/slay/build_debug/CMakeFiles/CMakeTmp/CMAKE_TRY_COMPILE.build/Debug/cmTC_f7537.build/DerivedSources/x86_64 -I/Users/kiki/dev/slay/build_debug/CMakeFiles/CMakeTmp/CMAKE_TRY_COMPILE.build/Debug/cmTC_f7537.build/DerivedSources -Wmost -Wno-four-char-constants -Wno-unknown-pragmas -F/Users/kiki/dev/slay/build_debug/CMakeFiles/CMakeTmp/Debug -idirafter /Users/kiki/dev/slay/contrib/sdl2/src/video/khronos -DCHECK_FUNCTION_EXISTS=_i64toa -MMD -MT dependencies -MF /Users/kiki/dev/slay/build_debug/CMakeFiles/CMakeTmp/CMAKE_TRY_COMPILE.build/Debug/cmTC_f7537.build/Objects-normal/x86_64/CheckFunctionExists.d --serialize-diagnostics /Users/kiki/dev/slay/build_debug/CMakeFiles/CMakeTmp/CMAKE_TRY_COMPILE.build/Debug/cmTC_f7537.build/Objects-normal/x86_64/CheckFunctionExists.dia -c /usr/local/Cellar/cmake/3.15.5/share/cmake/Modules/CheckFunctionExists.c -o /Users/kiki/dev/slay/build_debug/CMakeFiles/CMakeTmp/CMAKE_TRY_COMPILE.build/Debug/cmTC_f7537.build/Objects-normal/x86_64/CheckFunctionExists.o

Ld Debug/cmTC_f7537 normal x86_64
    cd /Users/kiki/dev/slay/build_debug/CMakeFiles/CMakeTmp
    /Applications/Xcode.app/Contents/Developer/Toolchains/XcodeDefault.xctoolchain/usr/bin/clang -target x86_64-apple-macos10.15 -isysroot /Applications/Xcode.app/Contents/Developer/Platforms/MacOSX.platform/Developer/SDKs/MacOSX10.15.sdk -L/Users/kiki/dev/slay/build_debug/CMakeFiles/CMakeTmp/Debug -F/Users/kiki/dev/slay/build_debug/CMakeFiles/CMakeTmp/Debug -filelist /Users/kiki/dev/slay/build_debug/CMakeFiles/CMakeTmp/CMAKE_TRY_COMPILE.build/Debug/cmTC_f7537.build/Objects-normal/x86_64/cmTC_f7537.LinkFileList -Xlinker -object_path_lto -Xlinker /Users/kiki/dev/slay/build_debug/CMakeFiles/CMakeTmp/CMAKE_TRY_COMPILE.build/Debug/cmTC_f7537.build/Objects-normal/x86_64/cmTC_f7537_lto.o -Xlinker -no_deduplicate -Wl,-search_paths_first -Wl,-headerpad_max_install_names -Xlinker -dependency_info -Xlinker /Users/kiki/dev/slay/build_debug/CMakeFiles/CMakeTmp/CMAKE_TRY_COMPILE.build/Debug/cmTC_f7537.build/Objects-normal/x86_64/cmTC_f7537_dependency_info.dat -o /Users/kiki/dev/slay/build_debug/CMakeFiles/CMakeTmp/Debug/cmTC_f7537
Undefined symbols for architecture x86_64:
  "__i64toa", referenced from:
      _main in CheckFunctionExists.o
ld: symbol(s) not found for architecture x86_64
clang: error: linker command failed with exit code 1 (use -v to see invocation)

** BUILD FAILED **


The following build commands failed:
	Ld Debug/cmTC_f7537 normal x86_64
(1 failure)



Determining if the function _ui64toa exists failed with the following output:
Change Dir: /Users/kiki/dev/slay/build_debug/CMakeFiles/CMakeTmp

Run Build Command(s):/usr/bin/xcodebuild -project CMAKE_TRY_COMPILE.xcodeproj build -target cmTC_859f5 -configuration Debug -hideShellScriptEnvironment && User defaults from command line:
    HideShellScriptEnvironment = YES

Prepare build
note: Using legacy build system
=== BUILD TARGET cmTC_859f5 OF PROJECT CMAKE_TRY_COMPILE WITH CONFIGURATION Debug ===

Check dependencies

Write auxiliary files
/bin/mkdir -p /Users/kiki/dev/slay/build_debug/CMakeFiles/CMakeTmp/CMAKE_TRY_COMPILE.build/Debug/cmTC_859f5.build/Objects-normal/x86_64
write-file /Users/kiki/dev/slay/build_debug/CMakeFiles/CMakeTmp/CMAKE_TRY_COMPILE.build/Debug/cmTC_859f5.build/Objects-normal/x86_64/cmTC_859f5.LinkFileList

CompileC CMAKE_TRY_COMPILE.build/Debug/cmTC_859f5.build/Objects-normal/x86_64/CheckFunctionExists.o /usr/local/Cellar/cmake/3.15.5/share/cmake/Modules/CheckFunctionExists.c normal x86_64 c com.apple.compilers.llvm.clang.1_0.compiler
    cd /Users/kiki/dev/slay/build_debug/CMakeFiles/CMakeTmp
    /Applications/Xcode.app/Contents/Developer/Toolchains/XcodeDefault.xctoolchain/usr/bin/clang -x c -target x86_64-apple-macos10.15 -fmessage-length=0 -fdiagnostics-show-note-include-stack -fmacro-backtrace-limit=0 -Wno-trigraphs -fpascal-strings -O0 -Wno-missing-field-initializers -Wno-missing-prototypes -Wno-return-type -Wno-missing-braces -Wparentheses -Wswitch -Wno-unused-function -Wno-unused-label -Wno-unused-parameter -Wno-unused-variable -Wunused-value -Wno-empty-body -Wno-uninitialized -Wno-unknown-pragmas -Wno-shadow -Wno-four-char-constants -Wno-conversion -Wno-constant-conversion -Wno-int-conversion -Wno-bool-conversion -Wno-enum-conversion -Wno-float-conversion -Wno-non-literal-null-conversion -Wno-objc-literal-conversion -Wno-shorten-64-to-32 -Wpointer-sign -Wno-newline-eof -DCMAKE_INTDIR=\"Debug\" -isysroot /Applications/Xcode.app/Contents/Developer/Platforms/MacOSX.platform/Developer/SDKs/MacOSX10.15.sdk -fasm-blocks -fstrict-aliasing -Wdeprecated-declarations -g -Wno-sign-conversion -Wno-infinite-recursion -Wno-comma -Wno-block-capture-autoreleasing -Wno-strict-prototypes -Wno-semicolon-before-method-body -I/Users/kiki/dev/slay/build_debug/CMakeFiles/CMakeTmp/Debug/include -I/Users/kiki/dev/slay/build_debug/CMakeFiles/CMakeTmp/CMAKE_TRY_COMPILE.build/Debug/cmTC_859f5.build/DerivedSources-normal/x86_64 -I/Users/kiki/dev/slay/build_debug/CMakeFiles/CMakeTmp/CMAKE_TRY_COMPILE.build/Debug/cmTC_859f5.build/DerivedSources/x86_64 -I/Users/kiki/dev/slay/build_debug/CMakeFiles/CMakeTmp/CMAKE_TRY_COMPILE.build/Debug/cmTC_859f5.build/DerivedSources -Wmost -Wno-four-char-constants -Wno-unknown-pragmas -F/Users/kiki/dev/slay/build_debug/CMakeFiles/CMakeTmp/Debug -idirafter /Users/kiki/dev/slay/contrib/sdl2/src/video/khronos -DCHECK_FUNCTION_EXISTS=_ui64toa -MMD -MT dependencies -MF /Users/kiki/dev/slay/build_debug/CMakeFiles/CMakeTmp/CMAKE_TRY_COMPILE.build/Debug/cmTC_859f5.build/Objects-normal/x86_64/CheckFunctionExists.d --serialize-diagnostics /Users/kiki/dev/slay/build_debug/CMakeFiles/CMakeTmp/CMAKE_TRY_COMPILE.build/Debug/cmTC_859f5.build/Objects-normal/x86_64/CheckFunctionExists.dia -c /usr/local/Cellar/cmake/3.15.5/share/cmake/Modules/CheckFunctionExists.c -o /Users/kiki/dev/slay/build_debug/CMakeFiles/CMakeTmp/CMAKE_TRY_COMPILE.build/Debug/cmTC_859f5.build/Objects-normal/x86_64/CheckFunctionExists.o

Ld Debug/cmTC_859f5 normal x86_64
    cd /Users/kiki/dev/slay/build_debug/CMakeFiles/CMakeTmp
    /Applications/Xcode.app/Contents/Developer/Toolchains/XcodeDefault.xctoolchain/usr/bin/clang -target x86_64-apple-macos10.15 -isysroot /Applications/Xcode.app/Contents/Developer/Platforms/MacOSX.platform/Developer/SDKs/MacOSX10.15.sdk -L/Users/kiki/dev/slay/build_debug/CMakeFiles/CMakeTmp/Debug -F/Users/kiki/dev/slay/build_debug/CMakeFiles/CMakeTmp/Debug -filelist /Users/kiki/dev/slay/build_debug/CMakeFiles/CMakeTmp/CMAKE_TRY_COMPILE.build/Debug/cmTC_859f5.build/Objects-normal/x86_64/cmTC_859f5.LinkFileList -Xlinker -object_path_lto -Xlinker /Users/kiki/dev/slay/build_debug/CMakeFiles/CMakeTmp/CMAKE_TRY_COMPILE.build/Debug/cmTC_859f5.build/Objects-normal/x86_64/cmTC_859f5_lto.o -Xlinker -no_deduplicate -Wl,-search_paths_first -Wl,-headerpad_max_install_names -Xlinker -dependency_info -Xlinker /Users/kiki/dev/slay/build_debug/CMakeFiles/CMakeTmp/CMAKE_TRY_COMPILE.build/Debug/cmTC_859f5.build/Objects-normal/x86_64/cmTC_859f5_dependency_info.dat -o /Users/kiki/dev/slay/build_debug/CMakeFiles/CMakeTmp/Debug/cmTC_859f5
Undefined symbols for architecture x86_64:
  "__ui64toa", referenced from:
      _main in CheckFunctionExists.o
ld: symbol(s) not found for architecture x86_64
clang: error: linker command failed with exit code 1 (use -v to see invocation)

** BUILD FAILED **


The following build commands failed:
	Ld Debug/cmTC_859f5 normal x86_64
(1 failure)



Determining if the function _stricmp exists failed with the following output:
Change Dir: /Users/kiki/dev/slay/build_debug/CMakeFiles/CMakeTmp

Run Build Command(s):/usr/bin/xcodebuild -project CMAKE_TRY_COMPILE.xcodeproj build -target cmTC_3e17c -configuration Debug -hideShellScriptEnvironment && User defaults from command line:
    HideShellScriptEnvironment = YES

Prepare build
note: Using legacy build system
=== BUILD TARGET cmTC_3e17c OF PROJECT CMAKE_TRY_COMPILE WITH CONFIGURATION Debug ===

Check dependencies

Write auxiliary files
/bin/mkdir -p /Users/kiki/dev/slay/build_debug/CMakeFiles/CMakeTmp/CMAKE_TRY_COMPILE.build/Debug/cmTC_3e17c.build/Objects-normal/x86_64
write-file /Users/kiki/dev/slay/build_debug/CMakeFiles/CMakeTmp/CMAKE_TRY_COMPILE.build/Debug/cmTC_3e17c.build/Objects-normal/x86_64/cmTC_3e17c.LinkFileList

CompileC CMAKE_TRY_COMPILE.build/Debug/cmTC_3e17c.build/Objects-normal/x86_64/CheckFunctionExists.o /usr/local/Cellar/cmake/3.15.5/share/cmake/Modules/CheckFunctionExists.c normal x86_64 c com.apple.compilers.llvm.clang.1_0.compiler
    cd /Users/kiki/dev/slay/build_debug/CMakeFiles/CMakeTmp
    /Applications/Xcode.app/Contents/Developer/Toolchains/XcodeDefault.xctoolchain/usr/bin/clang -x c -target x86_64-apple-macos10.15 -fmessage-length=0 -fdiagnostics-show-note-include-stack -fmacro-backtrace-limit=0 -Wno-trigraphs -fpascal-strings -O0 -Wno-missing-field-initializers -Wno-missing-prototypes -Wno-return-type -Wno-missing-braces -Wparentheses -Wswitch -Wno-unused-function -Wno-unused-label -Wno-unused-parameter -Wno-unused-variable -Wunused-value -Wno-empty-body -Wno-uninitialized -Wno-unknown-pragmas -Wno-shadow -Wno-four-char-constants -Wno-conversion -Wno-constant-conversion -Wno-int-conversion -Wno-bool-conversion -Wno-enum-conversion -Wno-float-conversion -Wno-non-literal-null-conversion -Wno-objc-literal-conversion -Wno-shorten-64-to-32 -Wpointer-sign -Wno-newline-eof -DCMAKE_INTDIR=\"Debug\" -isysroot /Applications/Xcode.app/Contents/Developer/Platforms/MacOSX.platform/Developer/SDKs/MacOSX10.15.sdk -fasm-blocks -fstrict-aliasing -Wdeprecated-declarations -g -Wno-sign-conversion -Wno-infinite-recursion -Wno-comma -Wno-block-capture-autoreleasing -Wno-strict-prototypes -Wno-semicolon-before-method-body -I/Users/kiki/dev/slay/build_debug/CMakeFiles/CMakeTmp/Debug/include -I/Users/kiki/dev/slay/build_debug/CMakeFiles/CMakeTmp/CMAKE_TRY_COMPILE.build/Debug/cmTC_3e17c.build/DerivedSources-normal/x86_64 -I/Users/kiki/dev/slay/build_debug/CMakeFiles/CMakeTmp/CMAKE_TRY_COMPILE.build/Debug/cmTC_3e17c.build/DerivedSources/x86_64 -I/Users/kiki/dev/slay/build_debug/CMakeFiles/CMakeTmp/CMAKE_TRY_COMPILE.build/Debug/cmTC_3e17c.build/DerivedSources -Wmost -Wno-four-char-constants -Wno-unknown-pragmas -F/Users/kiki/dev/slay/build_debug/CMakeFiles/CMakeTmp/Debug -idirafter /Users/kiki/dev/slay/contrib/sdl2/src/video/khronos -DCHECK_FUNCTION_EXISTS=_stricmp -MMD -MT dependencies -MF /Users/kiki/dev/slay/build_debug/CMakeFiles/CMakeTmp/CMAKE_TRY_COMPILE.build/Debug/cmTC_3e17c.build/Objects-normal/x86_64/CheckFunctionExists.d --serialize-diagnostics /Users/kiki/dev/slay/build_debug/CMakeFiles/CMakeTmp/CMAKE_TRY_COMPILE.build/Debug/cmTC_3e17c.build/Objects-normal/x86_64/CheckFunctionExists.dia -c /usr/local/Cellar/cmake/3.15.5/share/cmake/Modules/CheckFunctionExists.c -o /Users/kiki/dev/slay/build_debug/CMakeFiles/CMakeTmp/CMAKE_TRY_COMPILE.build/Debug/cmTC_3e17c.build/Objects-normal/x86_64/CheckFunctionExists.o

Ld Debug/cmTC_3e17c normal x86_64
    cd /Users/kiki/dev/slay/build_debug/CMakeFiles/CMakeTmp
    /Applications/Xcode.app/Contents/Developer/Toolchains/XcodeDefault.xctoolchain/usr/bin/clang -target x86_64-apple-macos10.15 -isysroot /Applications/Xcode.app/Contents/Developer/Platforms/MacOSX.platform/Developer/SDKs/MacOSX10.15.sdk -L/Users/kiki/dev/slay/build_debug/CMakeFiles/CMakeTmp/Debug -F/Users/kiki/dev/slay/build_debug/CMakeFiles/CMakeTmp/Debug -filelist /Users/kiki/dev/slay/build_debug/CMakeFiles/CMakeTmp/CMAKE_TRY_COMPILE.build/Debug/cmTC_3e17c.build/Objects-normal/x86_64/cmTC_3e17c.LinkFileList -Xlinker -object_path_lto -Xlinker /Users/kiki/dev/slay/build_debug/CMakeFiles/CMakeTmp/CMAKE_TRY_COMPILE.build/Debug/cmTC_3e17c.build/Objects-normal/x86_64/cmTC_3e17c_lto.o -Xlinker -no_deduplicate -Wl,-search_paths_first -Wl,-headerpad_max_install_names -Xlinker -dependency_info -Xlinker /Users/kiki/dev/slay/build_debug/CMakeFiles/CMakeTmp/CMAKE_TRY_COMPILE.build/Debug/cmTC_3e17c.build/Objects-normal/x86_64/cmTC_3e17c_dependency_info.dat -o /Users/kiki/dev/slay/build_debug/CMakeFiles/CMakeTmp/Debug/cmTC_3e17c
Undefined symbols for architecture x86_64:
  "__stricmp", referenced from:
      _main in CheckFunctionExists.o
ld: symbol(s) not found for architecture x86_64
clang: error: linker command failed with exit code 1 (use -v to see invocation)

** BUILD FAILED **


The following build commands failed:
	Ld Debug/cmTC_3e17c normal x86_64
(1 failure)



Determining if the function _strnicmp exists failed with the following output:
Change Dir: /Users/kiki/dev/slay/build_debug/CMakeFiles/CMakeTmp

Run Build Command(s):/usr/bin/xcodebuild -project CMAKE_TRY_COMPILE.xcodeproj build -target cmTC_cd0bb -configuration Debug -hideShellScriptEnvironment && User defaults from command line:
    HideShellScriptEnvironment = YES

Prepare build
note: Using legacy build system
=== BUILD TARGET cmTC_cd0bb OF PROJECT CMAKE_TRY_COMPILE WITH CONFIGURATION Debug ===

Check dependencies

Write auxiliary files
/bin/mkdir -p /Users/kiki/dev/slay/build_debug/CMakeFiles/CMakeTmp/CMAKE_TRY_COMPILE.build/Debug/cmTC_cd0bb.build/Objects-normal/x86_64
write-file /Users/kiki/dev/slay/build_debug/CMakeFiles/CMakeTmp/CMAKE_TRY_COMPILE.build/Debug/cmTC_cd0bb.build/Objects-normal/x86_64/cmTC_cd0bb.LinkFileList

CompileC CMAKE_TRY_COMPILE.build/Debug/cmTC_cd0bb.build/Objects-normal/x86_64/CheckFunctionExists.o /usr/local/Cellar/cmake/3.15.5/share/cmake/Modules/CheckFunctionExists.c normal x86_64 c com.apple.compilers.llvm.clang.1_0.compiler
    cd /Users/kiki/dev/slay/build_debug/CMakeFiles/CMakeTmp
    /Applications/Xcode.app/Contents/Developer/Toolchains/XcodeDefault.xctoolchain/usr/bin/clang -x c -target x86_64-apple-macos10.15 -fmessage-length=0 -fdiagnostics-show-note-include-stack -fmacro-backtrace-limit=0 -Wno-trigraphs -fpascal-strings -O0 -Wno-missing-field-initializers -Wno-missing-prototypes -Wno-return-type -Wno-missing-braces -Wparentheses -Wswitch -Wno-unused-function -Wno-unused-label -Wno-unused-parameter -Wno-unused-variable -Wunused-value -Wno-empty-body -Wno-uninitialized -Wno-unknown-pragmas -Wno-shadow -Wno-four-char-constants -Wno-conversion -Wno-constant-conversion -Wno-int-conversion -Wno-bool-conversion -Wno-enum-conversion -Wno-float-conversion -Wno-non-literal-null-conversion -Wno-objc-literal-conversion -Wno-shorten-64-to-32 -Wpointer-sign -Wno-newline-eof -DCMAKE_INTDIR=\"Debug\" -isysroot /Applications/Xcode.app/Contents/Developer/Platforms/MacOSX.platform/Developer/SDKs/MacOSX10.15.sdk -fasm-blocks -fstrict-aliasing -Wdeprecated-declarations -g -Wno-sign-conversion -Wno-infinite-recursion -Wno-comma -Wno-block-capture-autoreleasing -Wno-strict-prototypes -Wno-semicolon-before-method-body -I/Users/kiki/dev/slay/build_debug/CMakeFiles/CMakeTmp/Debug/include -I/Users/kiki/dev/slay/build_debug/CMakeFiles/CMakeTmp/CMAKE_TRY_COMPILE.build/Debug/cmTC_cd0bb.build/DerivedSources-normal/x86_64 -I/Users/kiki/dev/slay/build_debug/CMakeFiles/CMakeTmp/CMAKE_TRY_COMPILE.build/Debug/cmTC_cd0bb.build/DerivedSources/x86_64 -I/Users/kiki/dev/slay/build_debug/CMakeFiles/CMakeTmp/CMAKE_TRY_COMPILE.build/Debug/cmTC_cd0bb.build/DerivedSources -Wmost -Wno-four-char-constants -Wno-unknown-pragmas -F/Users/kiki/dev/slay/build_debug/CMakeFiles/CMakeTmp/Debug -idirafter /Users/kiki/dev/slay/contrib/sdl2/src/video/khronos -DCHECK_FUNCTION_EXISTS=_strnicmp -MMD -MT dependencies -MF /Users/kiki/dev/slay/build_debug/CMakeFiles/CMakeTmp/CMAKE_TRY_COMPILE.build/Debug/cmTC_cd0bb.build/Objects-normal/x86_64/CheckFunctionExists.d --serialize-diagnostics /Users/kiki/dev/slay/build_debug/CMakeFiles/CMakeTmp/CMAKE_TRY_COMPILE.build/Debug/cmTC_cd0bb.build/Objects-normal/x86_64/CheckFunctionExists.dia -c /usr/local/Cellar/cmake/3.15.5/share/cmake/Modules/CheckFunctionExists.c -o /Users/kiki/dev/slay/build_debug/CMakeFiles/CMakeTmp/CMAKE_TRY_COMPILE.build/Debug/cmTC_cd0bb.build/Objects-normal/x86_64/CheckFunctionExists.o

Ld Debug/cmTC_cd0bb normal x86_64
    cd /Users/kiki/dev/slay/build_debug/CMakeFiles/CMakeTmp
    /Applications/Xcode.app/Contents/Developer/Toolchains/XcodeDefault.xctoolchain/usr/bin/clang -target x86_64-apple-macos10.15 -isysroot /Applications/Xcode.app/Contents/Developer/Platforms/MacOSX.platform/Developer/SDKs/MacOSX10.15.sdk -L/Users/kiki/dev/slay/build_debug/CMakeFiles/CMakeTmp/Debug -F/Users/kiki/dev/slay/build_debug/CMakeFiles/CMakeTmp/Debug -filelist /Users/kiki/dev/slay/build_debug/CMakeFiles/CMakeTmp/CMAKE_TRY_COMPILE.build/Debug/cmTC_cd0bb.build/Objects-normal/x86_64/cmTC_cd0bb.LinkFileList -Xlinker -object_path_lto -Xlinker /Users/kiki/dev/slay/build_debug/CMakeFiles/CMakeTmp/CMAKE_TRY_COMPILE.build/Debug/cmTC_cd0bb.build/Objects-normal/x86_64/cmTC_cd0bb_lto.o -Xlinker -no_deduplicate -Wl,-search_paths_first -Wl,-headerpad_max_install_names -Xlinker -dependency_info -Xlinker /Users/kiki/dev/slay/build_debug/CMakeFiles/CMakeTmp/CMAKE_TRY_COMPILE.build/Debug/cmTC_cd0bb.build/Objects-normal/x86_64/cmTC_cd0bb_dependency_info.dat -o /Users/kiki/dev/slay/build_debug/CMakeFiles/CMakeTmp/Debug/cmTC_cd0bb
Undefined symbols for architecture x86_64:
  "__strnicmp", referenced from:
      _main in CheckFunctionExists.o
ld: symbol(s) not found for architecture x86_64
clang: error: linker command failed with exit code 1 (use -v to see invocation)

** BUILD FAILED **


The following build commands failed:
	Ld Debug/cmTC_cd0bb normal x86_64
(1 failure)



Determining if the function fopen64 exists failed with the following output:
Change Dir: /Users/kiki/dev/slay/build_debug/CMakeFiles/CMakeTmp

Run Build Command(s):/usr/bin/xcodebuild -project CMAKE_TRY_COMPILE.xcodeproj build -target cmTC_66ccc -configuration Debug -hideShellScriptEnvironment && User defaults from command line:
    HideShellScriptEnvironment = YES

Prepare build
note: Using legacy build system
=== BUILD TARGET cmTC_66ccc OF PROJECT CMAKE_TRY_COMPILE WITH CONFIGURATION Debug ===

Check dependencies

Write auxiliary files
/bin/mkdir -p /Users/kiki/dev/slay/build_debug/CMakeFiles/CMakeTmp/CMAKE_TRY_COMPILE.build/Debug/cmTC_66ccc.build/Objects-normal/x86_64
write-file /Users/kiki/dev/slay/build_debug/CMakeFiles/CMakeTmp/CMAKE_TRY_COMPILE.build/Debug/cmTC_66ccc.build/Objects-normal/x86_64/cmTC_66ccc.LinkFileList

CompileC CMAKE_TRY_COMPILE.build/Debug/cmTC_66ccc.build/Objects-normal/x86_64/CheckFunctionExists.o /usr/local/Cellar/cmake/3.15.5/share/cmake/Modules/CheckFunctionExists.c normal x86_64 c com.apple.compilers.llvm.clang.1_0.compiler
    cd /Users/kiki/dev/slay/build_debug/CMakeFiles/CMakeTmp
    /Applications/Xcode.app/Contents/Developer/Toolchains/XcodeDefault.xctoolchain/usr/bin/clang -x c -target x86_64-apple-macos10.15 -fmessage-length=0 -fdiagnostics-show-note-include-stack -fmacro-backtrace-limit=0 -Wno-trigraphs -fpascal-strings -O0 -Wno-missing-field-initializers -Wno-missing-prototypes -Wno-return-type -Wno-missing-braces -Wparentheses -Wswitch -Wno-unused-function -Wno-unused-label -Wno-unused-parameter -Wno-unused-variable -Wunused-value -Wno-empty-body -Wno-uninitialized -Wno-unknown-pragmas -Wno-shadow -Wno-four-char-constants -Wno-conversion -Wno-constant-conversion -Wno-int-conversion -Wno-bool-conversion -Wno-enum-conversion -Wno-float-conversion -Wno-non-literal-null-conversion -Wno-objc-literal-conversion -Wno-shorten-64-to-32 -Wpointer-sign -Wno-newline-eof -DCMAKE_INTDIR=\"Debug\" -isysroot /Applications/Xcode.app/Contents/Developer/Platforms/MacOSX.platform/Developer/SDKs/MacOSX10.15.sdk -fasm-blocks -fstrict-aliasing -Wdeprecated-declarations -g -Wno-sign-conversion -Wno-infinite-recursion -Wno-comma -Wno-block-capture-autoreleasing -Wno-strict-prototypes -Wno-semicolon-before-method-body -I/Users/kiki/dev/slay/build_debug/CMakeFiles/CMakeTmp/Debug/include -I/Users/kiki/dev/slay/build_debug/CMakeFiles/CMakeTmp/CMAKE_TRY_COMPILE.build/Debug/cmTC_66ccc.build/DerivedSources-normal/x86_64 -I/Users/kiki/dev/slay/build_debug/CMakeFiles/CMakeTmp/CMAKE_TRY_COMPILE.build/Debug/cmTC_66ccc.build/DerivedSources/x86_64 -I/Users/kiki/dev/slay/build_debug/CMakeFiles/CMakeTmp/CMAKE_TRY_COMPILE.build/Debug/cmTC_66ccc.build/DerivedSources -Wmost -Wno-four-char-constants -Wno-unknown-pragmas -F/Users/kiki/dev/slay/build_debug/CMakeFiles/CMakeTmp/Debug -idirafter /Users/kiki/dev/slay/contrib/sdl2/src/video/khronos -DCHECK_FUNCTION_EXISTS=fopen64 -MMD -MT dependencies -MF /Users/kiki/dev/slay/build_debug/CMakeFiles/CMakeTmp/CMAKE_TRY_COMPILE.build/Debug/cmTC_66ccc.build/Objects-normal/x86_64/CheckFunctionExists.d --serialize-diagnostics /Users/kiki/dev/slay/build_debug/CMakeFiles/CMakeTmp/CMAKE_TRY_COMPILE.build/Debug/cmTC_66ccc.build/Objects-normal/x86_64/CheckFunctionExists.dia -c /usr/local/Cellar/cmake/3.15.5/share/cmake/Modules/CheckFunctionExists.c -o /Users/kiki/dev/slay/build_debug/CMakeFiles/CMakeTmp/CMAKE_TRY_COMPILE.build/Debug/cmTC_66ccc.build/Objects-normal/x86_64/CheckFunctionExists.o

Ld Debug/cmTC_66ccc normal x86_64
    cd /Users/kiki/dev/slay/build_debug/CMakeFiles/CMakeTmp
    /Applications/Xcode.app/Contents/Developer/Toolchains/XcodeDefault.xctoolchain/usr/bin/clang -target x86_64-apple-macos10.15 -isysroot /Applications/Xcode.app/Contents/Developer/Platforms/MacOSX.platform/Developer/SDKs/MacOSX10.15.sdk -L/Users/kiki/dev/slay/build_debug/CMakeFiles/CMakeTmp/Debug -F/Users/kiki/dev/slay/build_debug/CMakeFiles/CMakeTmp/Debug -filelist /Users/kiki/dev/slay/build_debug/CMakeFiles/CMakeTmp/CMAKE_TRY_COMPILE.build/Debug/cmTC_66ccc.build/Objects-normal/x86_64/cmTC_66ccc.LinkFileList -Xlinker -object_path_lto -Xlinker /Users/kiki/dev/slay/build_debug/CMakeFiles/CMakeTmp/CMAKE_TRY_COMPILE.build/Debug/cmTC_66ccc.build/Objects-normal/x86_64/cmTC_66ccc_lto.o -Xlinker -no_deduplicate -Wl,-search_paths_first -Wl,-headerpad_max_install_names -Xlinker -dependency_info -Xlinker /Users/kiki/dev/slay/build_debug/CMakeFiles/CMakeTmp/CMAKE_TRY_COMPILE.build/Debug/cmTC_66ccc.build/Objects-normal/x86_64/cmTC_66ccc_dependency_info.dat -o /Users/kiki/dev/slay/build_debug/CMakeFiles/CMakeTmp/Debug/cmTC_66ccc
Undefined symbols for architecture x86_64:
  "_fopen64", referenced from:
      _main in CheckFunctionExists.o
ld: symbol(s) not found for architecture x86_64
clang: error: linker command failed with exit code 1 (use -v to see invocation)

** BUILD FAILED **


The following build commands failed:
	Ld Debug/cmTC_66ccc normal x86_64
(1 failure)



Determining if the function fseeko64 exists failed with the following output:
Change Dir: /Users/kiki/dev/slay/build_debug/CMakeFiles/CMakeTmp

Run Build Command(s):/usr/bin/xcodebuild -project CMAKE_TRY_COMPILE.xcodeproj build -target cmTC_40754 -configuration Debug -hideShellScriptEnvironment && User defaults from command line:
    HideShellScriptEnvironment = YES

Prepare build
note: Using legacy build system
=== BUILD TARGET cmTC_40754 OF PROJECT CMAKE_TRY_COMPILE WITH CONFIGURATION Debug ===

Check dependencies

Write auxiliary files
/bin/mkdir -p /Users/kiki/dev/slay/build_debug/CMakeFiles/CMakeTmp/CMAKE_TRY_COMPILE.build/Debug/cmTC_40754.build/Objects-normal/x86_64
write-file /Users/kiki/dev/slay/build_debug/CMakeFiles/CMakeTmp/CMAKE_TRY_COMPILE.build/Debug/cmTC_40754.build/Objects-normal/x86_64/cmTC_40754.LinkFileList

CompileC CMAKE_TRY_COMPILE.build/Debug/cmTC_40754.build/Objects-normal/x86_64/CheckFunctionExists.o /usr/local/Cellar/cmake/3.15.5/share/cmake/Modules/CheckFunctionExists.c normal x86_64 c com.apple.compilers.llvm.clang.1_0.compiler
    cd /Users/kiki/dev/slay/build_debug/CMakeFiles/CMakeTmp
    /Applications/Xcode.app/Contents/Developer/Toolchains/XcodeDefault.xctoolchain/usr/bin/clang -x c -target x86_64-apple-macos10.15 -fmessage-length=0 -fdiagnostics-show-note-include-stack -fmacro-backtrace-limit=0 -Wno-trigraphs -fpascal-strings -O0 -Wno-missing-field-initializers -Wno-missing-prototypes -Wno-return-type -Wno-missing-braces -Wparentheses -Wswitch -Wno-unused-function -Wno-unused-label -Wno-unused-parameter -Wno-unused-variable -Wunused-value -Wno-empty-body -Wno-uninitialized -Wno-unknown-pragmas -Wno-shadow -Wno-four-char-constants -Wno-conversion -Wno-constant-conversion -Wno-int-conversion -Wno-bool-conversion -Wno-enum-conversion -Wno-float-conversion -Wno-non-literal-null-conversion -Wno-objc-literal-conversion -Wno-shorten-64-to-32 -Wpointer-sign -Wno-newline-eof -DCMAKE_INTDIR=\"Debug\" -isysroot /Applications/Xcode.app/Contents/Developer/Platforms/MacOSX.platform/Developer/SDKs/MacOSX10.15.sdk -fasm-blocks -fstrict-aliasing -Wdeprecated-declarations -g -Wno-sign-conversion -Wno-infinite-recursion -Wno-comma -Wno-block-capture-autoreleasing -Wno-strict-prototypes -Wno-semicolon-before-method-body -I/Users/kiki/dev/slay/build_debug/CMakeFiles/CMakeTmp/Debug/include -I/Users/kiki/dev/slay/build_debug/CMakeFiles/CMakeTmp/CMAKE_TRY_COMPILE.build/Debug/cmTC_40754.build/DerivedSources-normal/x86_64 -I/Users/kiki/dev/slay/build_debug/CMakeFiles/CMakeTmp/CMAKE_TRY_COMPILE.build/Debug/cmTC_40754.build/DerivedSources/x86_64 -I/Users/kiki/dev/slay/build_debug/CMakeFiles/CMakeTmp/CMAKE_TRY_COMPILE.build/Debug/cmTC_40754.build/DerivedSources -Wmost -Wno-four-char-constants -Wno-unknown-pragmas -F/Users/kiki/dev/slay/build_debug/CMakeFiles/CMakeTmp/Debug -idirafter /Users/kiki/dev/slay/contrib/sdl2/src/video/khronos -DCHECK_FUNCTION_EXISTS=fseeko64 -MMD -MT dependencies -MF /Users/kiki/dev/slay/build_debug/CMakeFiles/CMakeTmp/CMAKE_TRY_COMPILE.build/Debug/cmTC_40754.build/Objects-normal/x86_64/CheckFunctionExists.d --serialize-diagnostics /Users/kiki/dev/slay/build_debug/CMakeFiles/CMakeTmp/CMAKE_TRY_COMPILE.build/Debug/cmTC_40754.build/Objects-normal/x86_64/CheckFunctionExists.dia -c /usr/local/Cellar/cmake/3.15.5/share/cmake/Modules/CheckFunctionExists.c -o /Users/kiki/dev/slay/build_debug/CMakeFiles/CMakeTmp/CMAKE_TRY_COMPILE.build/Debug/cmTC_40754.build/Objects-normal/x86_64/CheckFunctionExists.o

Ld Debug/cmTC_40754 normal x86_64
    cd /Users/kiki/dev/slay/build_debug/CMakeFiles/CMakeTmp
    /Applications/Xcode.app/Contents/Developer/Toolchains/XcodeDefault.xctoolchain/usr/bin/clang -target x86_64-apple-macos10.15 -isysroot /Applications/Xcode.app/Contents/Developer/Platforms/MacOSX.platform/Developer/SDKs/MacOSX10.15.sdk -L/Users/kiki/dev/slay/build_debug/CMakeFiles/CMakeTmp/Debug -F/Users/kiki/dev/slay/build_debug/CMakeFiles/CMakeTmp/Debug -filelist /Users/kiki/dev/slay/build_debug/CMakeFiles/CMakeTmp/CMAKE_TRY_COMPILE.build/Debug/cmTC_40754.build/Objects-normal/x86_64/cmTC_40754.LinkFileList -Xlinker -object_path_lto -Xlinker /Users/kiki/dev/slay/build_debug/CMakeFiles/CMakeTmp/CMAKE_TRY_COMPILE.build/Debug/cmTC_40754.build/Objects-normal/x86_64/cmTC_40754_lto.o -Xlinker -no_deduplicate -Wl,-search_paths_first -Wl,-headerpad_max_install_names -Xlinker -dependency_info -Xlinker /Users/kiki/dev/slay/build_debug/CMakeFiles/CMakeTmp/CMAKE_TRY_COMPILE.build/Debug/cmTC_40754.build/Objects-normal/x86_64/cmTC_40754_dependency_info.dat -o /Users/kiki/dev/slay/build_debug/CMakeFiles/CMakeTmp/Debug/cmTC_40754
Undefined symbols for architecture x86_64:
  "_fseeko64", referenced from:
      _main in CheckFunctionExists.o
ld: symbol(s) not found for architecture x86_64
clang: error: linker command failed with exit code 1 (use -v to see invocation)

** BUILD FAILED **


The following build commands failed:
	Ld Debug/cmTC_40754 normal x86_64
(1 failure)



Determining if the function getauxval exists failed with the following output:
Change Dir: /Users/kiki/dev/slay/build_debug/CMakeFiles/CMakeTmp

Run Build Command(s):/usr/bin/xcodebuild -project CMAKE_TRY_COMPILE.xcodeproj build -target cmTC_024af -configuration Debug -hideShellScriptEnvironment && User defaults from command line:
    HideShellScriptEnvironment = YES

Prepare build
note: Using legacy build system
=== BUILD TARGET cmTC_024af OF PROJECT CMAKE_TRY_COMPILE WITH CONFIGURATION Debug ===

Check dependencies

Write auxiliary files
/bin/mkdir -p /Users/kiki/dev/slay/build_debug/CMakeFiles/CMakeTmp/CMAKE_TRY_COMPILE.build/Debug/cmTC_024af.build/Objects-normal/x86_64
write-file /Users/kiki/dev/slay/build_debug/CMakeFiles/CMakeTmp/CMAKE_TRY_COMPILE.build/Debug/cmTC_024af.build/Objects-normal/x86_64/cmTC_024af.LinkFileList

CompileC CMAKE_TRY_COMPILE.build/Debug/cmTC_024af.build/Objects-normal/x86_64/CheckFunctionExists.o /usr/local/Cellar/cmake/3.15.5/share/cmake/Modules/CheckFunctionExists.c normal x86_64 c com.apple.compilers.llvm.clang.1_0.compiler
    cd /Users/kiki/dev/slay/build_debug/CMakeFiles/CMakeTmp
    /Applications/Xcode.app/Contents/Developer/Toolchains/XcodeDefault.xctoolchain/usr/bin/clang -x c -target x86_64-apple-macos10.15 -fmessage-length=0 -fdiagnostics-show-note-include-stack -fmacro-backtrace-limit=0 -Wno-trigraphs -fpascal-strings -O0 -Wno-missing-field-initializers -Wno-missing-prototypes -Wno-return-type -Wno-missing-braces -Wparentheses -Wswitch -Wno-unused-function -Wno-unused-label -Wno-unused-parameter -Wno-unused-variable -Wunused-value -Wno-empty-body -Wno-uninitialized -Wno-unknown-pragmas -Wno-shadow -Wno-four-char-constants -Wno-conversion -Wno-constant-conversion -Wno-int-conversion -Wno-bool-conversion -Wno-enum-conversion -Wno-float-conversion -Wno-non-literal-null-conversion -Wno-objc-literal-conversion -Wno-shorten-64-to-32 -Wpointer-sign -Wno-newline-eof -DCMAKE_INTDIR=\"Debug\" -isysroot /Applications/Xcode.app/Contents/Developer/Platforms/MacOSX.platform/Developer/SDKs/MacOSX10.15.sdk -fasm-blocks -fstrict-aliasing -Wdeprecated-declarations -g -Wno-sign-conversion -Wno-infinite-recursion -Wno-comma -Wno-block-capture-autoreleasing -Wno-strict-prototypes -Wno-semicolon-before-method-body -I/Users/kiki/dev/slay/build_debug/CMakeFiles/CMakeTmp/Debug/include -I/Users/kiki/dev/slay/build_debug/CMakeFiles/CMakeTmp/CMAKE_TRY_COMPILE.build/Debug/cmTC_024af.build/DerivedSources-normal/x86_64 -I/Users/kiki/dev/slay/build_debug/CMakeFiles/CMakeTmp/CMAKE_TRY_COMPILE.build/Debug/cmTC_024af.build/DerivedSources/x86_64 -I/Users/kiki/dev/slay/build_debug/CMakeFiles/CMakeTmp/CMAKE_TRY_COMPILE.build/Debug/cmTC_024af.build/DerivedSources -Wmost -Wno-four-char-constants -Wno-unknown-pragmas -F/Users/kiki/dev/slay/build_debug/CMakeFiles/CMakeTmp/Debug -idirafter /Users/kiki/dev/slay/contrib/sdl2/src/video/khronos -DCHECK_FUNCTION_EXISTS=getauxval -MMD -MT dependencies -MF /Users/kiki/dev/slay/build_debug/CMakeFiles/CMakeTmp/CMAKE_TRY_COMPILE.build/Debug/cmTC_024af.build/Objects-normal/x86_64/CheckFunctionExists.d --serialize-diagnostics /Users/kiki/dev/slay/build_debug/CMakeFiles/CMakeTmp/CMAKE_TRY_COMPILE.build/Debug/cmTC_024af.build/Objects-normal/x86_64/CheckFunctionExists.dia -c /usr/local/Cellar/cmake/3.15.5/share/cmake/Modules/CheckFunctionExists.c -o /Users/kiki/dev/slay/build_debug/CMakeFiles/CMakeTmp/CMAKE_TRY_COMPILE.build/Debug/cmTC_024af.build/Objects-normal/x86_64/CheckFunctionExists.o

Ld Debug/cmTC_024af normal x86_64
    cd /Users/kiki/dev/slay/build_debug/CMakeFiles/CMakeTmp
    /Applications/Xcode.app/Contents/Developer/Toolchains/XcodeDefault.xctoolchain/usr/bin/clang -target x86_64-apple-macos10.15 -isysroot /Applications/Xcode.app/Contents/Developer/Platforms/MacOSX.platform/Developer/SDKs/MacOSX10.15.sdk -L/Users/kiki/dev/slay/build_debug/CMakeFiles/CMakeTmp/Debug -F/Users/kiki/dev/slay/build_debug/CMakeFiles/CMakeTmp/Debug -filelist /Users/kiki/dev/slay/build_debug/CMakeFiles/CMakeTmp/CMAKE_TRY_COMPILE.build/Debug/cmTC_024af.build/Objects-normal/x86_64/cmTC_024af.LinkFileList -Xlinker -object_path_lto -Xlinker /Users/kiki/dev/slay/build_debug/CMakeFiles/CMakeTmp/CMAKE_TRY_COMPILE.build/Debug/cmTC_024af.build/Objects-normal/x86_64/cmTC_024af_lto.o -Xlinker -no_deduplicate -Wl,-search_paths_first -Wl,-headerpad_max_install_names -Xlinker -dependency_info -Xlinker /Users/kiki/dev/slay/build_debug/CMakeFiles/CMakeTmp/CMAKE_TRY_COMPILE.build/Debug/cmTC_024af.build/Objects-normal/x86_64/cmTC_024af_dependency_info.dat -o /Users/kiki/dev/slay/build_debug/CMakeFiles/CMakeTmp/Debug/cmTC_024af
Undefined symbols for architecture x86_64:
  "_getauxval", referenced from:
      _main in CheckFunctionExists.o
ld: symbol(s) not found for architecture x86_64
clang: error: linker command failed with exit code 1 (use -v to see invocation)

** BUILD FAILED **


The following build commands failed:
	Ld Debug/cmTC_024af normal x86_64
(1 failure)



Performing C SOURCE FILE Test HAVE_SEM_TIMEDWAIT failed with the following output:
Change Dir: /Users/kiki/dev/slay/build_debug/CMakeFiles/CMakeTmp

Run Build Command(s):/usr/bin/xcodebuild -project CMAKE_TRY_COMPILE.xcodeproj build -target cmTC_20382 -configuration Debug -hideShellScriptEnvironment && User defaults from command line:
    HideShellScriptEnvironment = YES

Prepare build
note: Using legacy build system
=== BUILD TARGET cmTC_20382 OF PROJECT CMAKE_TRY_COMPILE WITH CONFIGURATION Debug ===

Check dependencies

Write auxiliary files
/bin/mkdir -p /Users/kiki/dev/slay/build_debug/CMakeFiles/CMakeTmp/CMAKE_TRY_COMPILE.build/Debug/cmTC_20382.build/Objects-normal/x86_64
write-file /Users/kiki/dev/slay/build_debug/CMakeFiles/CMakeTmp/CMAKE_TRY_COMPILE.build/Debug/cmTC_20382.build/Objects-normal/x86_64/cmTC_20382.LinkFileList

CompileC CMAKE_TRY_COMPILE.build/Debug/cmTC_20382.build/Objects-normal/x86_64/src.o src.c normal x86_64 c com.apple.compilers.llvm.clang.1_0.compiler
    cd /Users/kiki/dev/slay/build_debug/CMakeFiles/CMakeTmp
    /Applications/Xcode.app/Contents/Developer/Toolchains/XcodeDefault.xctoolchain/usr/bin/clang -x c -target x86_64-apple-macos10.15 -fmessage-length=0 -fdiagnostics-show-note-include-stack -fmacro-backtrace-limit=0 -Wno-trigraphs -fpascal-strings -O0 -Wno-missing-field-initializers -Wno-missing-prototypes -Wno-return-type -Wno-missing-braces -Wparentheses -Wswitch -Wno-unused-function -Wno-unused-label -Wno-unused-parameter -Wno-unused-variable -Wunused-value -Wno-empty-body -Wno-uninitialized -Wno-unknown-pragmas -Wno-shadow -Wno-four-char-constants -Wno-conversion -Wno-constant-conversion -Wno-int-conversion -Wno-bool-conversion -Wno-enum-conversion -Wno-float-conversion -Wno-non-literal-null-conversion -Wno-objc-literal-conversion -Wno-shorten-64-to-32 -Wpointer-sign -Wno-newline-eof -DCMAKE_INTDIR=\"Debug\" -isysroot /Applications/Xcode.app/Contents/Developer/Platforms/MacOSX.platform/Developer/SDKs/MacOSX10.15.sdk -fasm-blocks -fstrict-aliasing -Wdeprecated-declarations -g -Wno-sign-conversion -Wno-infinite-recursion -Wno-comma -Wno-block-capture-autoreleasing -Wno-strict-prototypes -Wno-semicolon-before-method-body -I/Users/kiki/dev/slay/build_debug/CMakeFiles/CMakeTmp/Debug/include -I/Users/kiki/dev/slay/build_debug/CMakeFiles/CMakeTmp/CMAKE_TRY_COMPILE.build/Debug/cmTC_20382.build/DerivedSources-normal/x86_64 -I/Users/kiki/dev/slay/build_debug/CMakeFiles/CMakeTmp/CMAKE_TRY_COMPILE.build/Debug/cmTC_20382.build/DerivedSources/x86_64 -I/Users/kiki/dev/slay/build_debug/CMakeFiles/CMakeTmp/CMAKE_TRY_COMPILE.build/Debug/cmTC_20382.build/DerivedSources -Wmost -Wno-four-char-constants -Wno-unknown-pragmas -F/Users/kiki/dev/slay/build_debug/CMakeFiles/CMakeTmp/Debug -idirafter /Users/kiki/dev/slay/contrib/sdl2/src/video/khronos -DHAVE_SEM_TIMEDWAIT -D_THREAD_SAFE -MMD -MT dependencies -MF /Users/kiki/dev/slay/build_debug/CMakeFiles/CMakeTmp/CMAKE_TRY_COMPILE.build/Debug/cmTC_20382.build/Objects-normal/x86_64/src.d --serialize-diagnostics /Users/kiki/dev/slay/build_debug/CMakeFiles/CMakeTmp/CMAKE_TRY_COMPILE.build/Debug/cmTC_20382.build/Objects-normal/x86_64/src.dia -c /Users/kiki/dev/slay/build_debug/CMakeFiles/CMakeTmp/src.c -o /Users/kiki/dev/slay/build_debug/CMakeFiles/CMakeTmp/CMAKE_TRY_COMPILE.build/Debug/cmTC_20382.build/Objects-normal/x86_64/src.o
/Users/kiki/dev/slay/build_debug/CMakeFiles/CMakeTmp/src.c:5:19: warning: implicit declaration of function 'sem_timedwait' is invalid in C99 [-Wimplicit-function-declaration]
                  sem_timedwait(NULL, NULL);
                  ^
1 warning generated.

Ld Debug/cmTC_20382 normal x86_64
    cd /Users/kiki/dev/slay/build_debug/CMakeFiles/CMakeTmp
    /Applications/Xcode.app/Contents/Developer/Toolchains/XcodeDefault.xctoolchain/usr/bin/clang -target x86_64-apple-macos10.15 -isysroot /Applications/Xcode.app/Contents/Developer/Platforms/MacOSX.platform/Developer/SDKs/MacOSX10.15.sdk -L/Users/kiki/dev/slay/build_debug/CMakeFiles/CMakeTmp/Debug -F/Users/kiki/dev/slay/build_debug/CMakeFiles/CMakeTmp/Debug -filelist /Users/kiki/dev/slay/build_debug/CMakeFiles/CMakeTmp/CMAKE_TRY_COMPILE.build/Debug/cmTC_20382.build/Objects-normal/x86_64/cmTC_20382.LinkFileList -Xlinker -object_path_lto -Xlinker /Users/kiki/dev/slay/build_debug/CMakeFiles/CMakeTmp/CMAKE_TRY_COMPILE.build/Debug/cmTC_20382.build/Objects-normal/x86_64/cmTC_20382_lto.o -Xlinker -no_deduplicate -Wl,-search_paths_first -Wl,-headerpad_max_install_names -Xlinker -dependency_info -Xlinker /Users/kiki/dev/slay/build_debug/CMakeFiles/CMakeTmp/CMAKE_TRY_COMPILE.build/Debug/cmTC_20382.build/Objects-normal/x86_64/cmTC_20382_dependency_info.dat -o /Users/kiki/dev/slay/build_debug/CMakeFiles/CMakeTmp/Debug/cmTC_20382
Undefined symbols for architecture x86_64:
  "_sem_timedwait", referenced from:
      _main in src.o
ld: symbol(s) not found for architecture x86_64
clang: error: linker command failed with exit code 1 (use -v to see invocation)

** BUILD FAILED **


The following build commands failed:
	Ld Debug/cmTC_20382 normal x86_64
(1 failure)


Source file was:

              #include <pthread.h>
              #include <semaphore.h>
              int main(int argc, char **argv) {
                  sem_timedwait(NULL, NULL);
                  return 0;
              }
Performing C SOURCE FILE Test HAVE_PTHREAD_NP_H failed with the following output:
Change Dir: /Users/kiki/dev/slay/build_debug/CMakeFiles/CMakeTmp

Run Build Command(s):/usr/bin/xcodebuild -project CMAKE_TRY_COMPILE.xcodeproj build -target cmTC_709df -configuration Debug -hideShellScriptEnvironment && User defaults from command line:
    HideShellScriptEnvironment = YES

Prepare build
note: Using legacy build system
=== BUILD TARGET cmTC_709df OF PROJECT CMAKE_TRY_COMPILE WITH CONFIGURATION Debug ===

Check dependencies

Write auxiliary files
/bin/mkdir -p /Users/kiki/dev/slay/build_debug/CMakeFiles/CMakeTmp/CMAKE_TRY_COMPILE.build/Debug/cmTC_709df.build/Objects-normal/x86_64
write-file /Users/kiki/dev/slay/build_debug/CMakeFiles/CMakeTmp/CMAKE_TRY_COMPILE.build/Debug/cmTC_709df.build/Objects-normal/x86_64/cmTC_709df.LinkFileList

CompileC CMAKE_TRY_COMPILE.build/Debug/cmTC_709df.build/Objects-normal/x86_64/src.o src.c normal x86_64 c com.apple.compilers.llvm.clang.1_0.compiler
    cd /Users/kiki/dev/slay/build_debug/CMakeFiles/CMakeTmp
    /Applications/Xcode.app/Contents/Developer/Toolchains/XcodeDefault.xctoolchain/usr/bin/clang -x c -target x86_64-apple-macos10.15 -fmessage-length=0 -fdiagnostics-show-note-include-stack -fmacro-backtrace-limit=0 -Wno-trigraphs -fpascal-strings -O0 -Wno-missing-field-initializers -Wno-missing-prototypes -Wno-return-type -Wno-missing-braces -Wparentheses -Wswitch -Wno-unused-function -Wno-unused-label -Wno-unused-parameter -Wno-unused-variable -Wunused-value -Wno-empty-body -Wno-uninitialized -Wno-unknown-pragmas -Wno-shadow -Wno-four-char-constants -Wno-conversion -Wno-constant-conversion -Wno-int-conversion -Wno-bool-conversion -Wno-enum-conversion -Wno-float-conversion -Wno-non-literal-null-conversion -Wno-objc-literal-conversion -Wno-shorten-64-to-32 -Wpointer-sign -Wno-newline-eof -DCMAKE_INTDIR=\"Debug\" -isysroot /Applications/Xcode.app/Contents/Developer/Platforms/MacOSX.platform/Developer/SDKs/MacOSX10.15.sdk -fasm-blocks -fstrict-aliasing -Wdeprecated-declarations -g -Wno-sign-conversion -Wno-infinite-recursion -Wno-comma -Wno-block-capture-autoreleasing -Wno-strict-prototypes -Wno-semicolon-before-method-body -I/Users/kiki/dev/slay/build_debug/CMakeFiles/CMakeTmp/Debug/include -I/Users/kiki/dev/slay/build_debug/CMakeFiles/CMakeTmp/CMAKE_TRY_COMPILE.build/Debug/cmTC_709df.build/DerivedSources-normal/x86_64 -I/Users/kiki/dev/slay/build_debug/CMakeFiles/CMakeTmp/CMAKE_TRY_COMPILE.build/Debug/cmTC_709df.build/DerivedSources/x86_64 -I/Users/kiki/dev/slay/build_debug/CMakeFiles/CMakeTmp/CMAKE_TRY_COMPILE.build/Debug/cmTC_709df.build/DerivedSources -Wmost -Wno-four-char-constants -Wno-unknown-pragmas -F/Users/kiki/dev/slay/build_debug/CMakeFiles/CMakeTmp/Debug -idirafter /Users/kiki/dev/slay/contrib/sdl2/src/video/khronos -DHAVE_PTHREAD_NP_H -D_THREAD_SAFE -MMD -MT dependencies -MF /Users/kiki/dev/slay/build_debug/CMakeFiles/CMakeTmp/CMAKE_TRY_COMPILE.build/Debug/cmTC_709df.build/Objects-normal/x86_64/src.d --serialize-diagnostics /Users/kiki/dev/slay/build_debug/CMakeFiles/CMakeTmp/CMAKE_TRY_COMPILE.build/Debug/cmTC_709df.build/Objects-normal/x86_64/src.dia -c /Users/kiki/dev/slay/build_debug/CMakeFiles/CMakeTmp/src.c -o /Users/kiki/dev/slay/build_debug/CMakeFiles/CMakeTmp/CMAKE_TRY_COMPILE.build/Debug/cmTC_709df.build/Objects-normal/x86_64/src.o
/Users/kiki/dev/slay/build_debug/CMakeFiles/CMakeTmp/src.c:3:20: fatal error: 'pthread_np.h' file not found
          #include <pthread_np.h>
                   ^~~~~~~~~~~~~~
1 error generated.

** BUILD FAILED **


The following build commands failed:
	CompileC CMAKE_TRY_COMPILE.build/Debug/cmTC_709df.build/Objects-normal/x86_64/src.o src.c normal x86_64 c com.apple.compilers.llvm.clang.1_0.compiler
(1 failure)


Source file was:

          #include <pthread.h>
          #include <pthread_np.h>
          int main(int argc, char** argv) { return 0; }
Determining if the function pthread_set_name_np exists failed with the following output:
Change Dir: /Users/kiki/dev/slay/build_debug/CMakeFiles/CMakeTmp

Run Build Command(s):/usr/bin/xcodebuild -project CMAKE_TRY_COMPILE.xcodeproj build -target cmTC_666c8 -configuration Debug -hideShellScriptEnvironment && User defaults from command line:
    HideShellScriptEnvironment = YES

Prepare build
note: Using legacy build system
=== BUILD TARGET cmTC_666c8 OF PROJECT CMAKE_TRY_COMPILE WITH CONFIGURATION Debug ===

Check dependencies

Write auxiliary files
/bin/mkdir -p /Users/kiki/dev/slay/build_debug/CMakeFiles/CMakeTmp/CMAKE_TRY_COMPILE.build/Debug/cmTC_666c8.build/Objects-normal/x86_64
write-file /Users/kiki/dev/slay/build_debug/CMakeFiles/CMakeTmp/CMAKE_TRY_COMPILE.build/Debug/cmTC_666c8.build/Objects-normal/x86_64/cmTC_666c8.LinkFileList

CompileC CMAKE_TRY_COMPILE.build/Debug/cmTC_666c8.build/Objects-normal/x86_64/CheckFunctionExists.o /usr/local/Cellar/cmake/3.15.5/share/cmake/Modules/CheckFunctionExists.c normal x86_64 c com.apple.compilers.llvm.clang.1_0.compiler
    cd /Users/kiki/dev/slay/build_debug/CMakeFiles/CMakeTmp
    /Applications/Xcode.app/Contents/Developer/Toolchains/XcodeDefault.xctoolchain/usr/bin/clang -x c -target x86_64-apple-macos10.15 -fmessage-length=0 -fdiagnostics-show-note-include-stack -fmacro-backtrace-limit=0 -Wno-trigraphs -fpascal-strings -O0 -Wno-missing-field-initializers -Wno-missing-prototypes -Wno-return-type -Wno-missing-braces -Wparentheses -Wswitch -Wno-unused-function -Wno-unused-label -Wno-unused-parameter -Wno-unused-variable -Wunused-value -Wno-empty-body -Wno-uninitialized -Wno-unknown-pragmas -Wno-shadow -Wno-four-char-constants -Wno-conversion -Wno-constant-conversion -Wno-int-conversion -Wno-bool-conversion -Wno-enum-conversion -Wno-float-conversion -Wno-non-literal-null-conversion -Wno-objc-literal-conversion -Wno-shorten-64-to-32 -Wpointer-sign -Wno-newline-eof -DCMAKE_INTDIR=\"Debug\" -isysroot /Applications/Xcode.app/Contents/Developer/Platforms/MacOSX.platform/Developer/SDKs/MacOSX10.15.sdk -fasm-blocks -fstrict-aliasing -Wdeprecated-declarations -g -Wno-sign-conversion -Wno-infinite-recursion -Wno-comma -Wno-block-capture-autoreleasing -Wno-strict-prototypes -Wno-semicolon-before-method-body -I/Users/kiki/dev/slay/build_debug/CMakeFiles/CMakeTmp/Debug/include -I/Users/kiki/dev/slay/build_debug/CMakeFiles/CMakeTmp/CMAKE_TRY_COMPILE.build/Debug/cmTC_666c8.build/DerivedSources-normal/x86_64 -I/Users/kiki/dev/slay/build_debug/CMakeFiles/CMakeTmp/CMAKE_TRY_COMPILE.build/Debug/cmTC_666c8.build/DerivedSources/x86_64 -I/Users/kiki/dev/slay/build_debug/CMakeFiles/CMakeTmp/CMAKE_TRY_COMPILE.build/Debug/cmTC_666c8.build/DerivedSources -Wmost -Wno-four-char-constants -Wno-unknown-pragmas -F/Users/kiki/dev/slay/build_debug/CMakeFiles/CMakeTmp/Debug -idirafter /Users/kiki/dev/slay/contrib/sdl2/src/video/khronos -DCHECK_FUNCTION_EXISTS=pthread_set_name_np -D_THREAD_SAFE -MMD -MT dependencies -MF /Users/kiki/dev/slay/build_debug/CMakeFiles/CMakeTmp/CMAKE_TRY_COMPILE.build/Debug/cmTC_666c8.build/Objects-normal/x86_64/CheckFunctionExists.d --serialize-diagnostics /Users/kiki/dev/slay/build_debug/CMakeFiles/CMakeTmp/CMAKE_TRY_COMPILE.build/Debug/cmTC_666c8.build/Objects-normal/x86_64/CheckFunctionExists.dia -c /usr/local/Cellar/cmake/3.15.5/share/cmake/Modules/CheckFunctionExists.c -o /Users/kiki/dev/slay/build_debug/CMakeFiles/CMakeTmp/CMAKE_TRY_COMPILE.build/Debug/cmTC_666c8.build/Objects-normal/x86_64/CheckFunctionExists.o

Ld Debug/cmTC_666c8 normal x86_64
    cd /Users/kiki/dev/slay/build_debug/CMakeFiles/CMakeTmp
    /Applications/Xcode.app/Contents/Developer/Toolchains/XcodeDefault.xctoolchain/usr/bin/clang -target x86_64-apple-macos10.15 -isysroot /Applications/Xcode.app/Contents/Developer/Platforms/MacOSX.platform/Developer/SDKs/MacOSX10.15.sdk -L/Users/kiki/dev/slay/build_debug/CMakeFiles/CMakeTmp/Debug -F/Users/kiki/dev/slay/build_debug/CMakeFiles/CMakeTmp/Debug -filelist /Users/kiki/dev/slay/build_debug/CMakeFiles/CMakeTmp/CMAKE_TRY_COMPILE.build/Debug/cmTC_666c8.build/Objects-normal/x86_64/cmTC_666c8.LinkFileList -Xlinker -object_path_lto -Xlinker /Users/kiki/dev/slay/build_debug/CMakeFiles/CMakeTmp/CMAKE_TRY_COMPILE.build/Debug/cmTC_666c8.build/Objects-normal/x86_64/cmTC_666c8_lto.o -Xlinker -no_deduplicate -Wl,-search_paths_first -Wl,-headerpad_max_install_names -Xlinker -dependency_info -Xlinker /Users/kiki/dev/slay/build_debug/CMakeFiles/CMakeTmp/CMAKE_TRY_COMPILE.build/Debug/cmTC_666c8.build/Objects-normal/x86_64/cmTC_666c8_dependency_info.dat -o /Users/kiki/dev/slay/build_debug/CMakeFiles/CMakeTmp/Debug/cmTC_666c8
Undefined symbols for architecture x86_64:
  "_pthread_set_name_np", referenced from:
      _main in CheckFunctionExists.o
ld: symbol(s) not found for architecture x86_64
clang: error: linker command failed with exit code 1 (use -v to see invocation)

** BUILD FAILED **


The following build commands failed:
	Ld Debug/cmTC_666c8 normal x86_64
(1 failure)



